{"meta": {"format": 3, "version": "7.9.1", "timestamp": "2025-09-11T10:28:43.817575", "branch_coverage": false, "show_contexts": false}, "files": {"fazztv/__init__.py": {"executed_lines": [1, 15, 16, 18, 19, 20, 21, 23], "summary": {"covered_lines": 7, "num_statements": 7, "percent_covered": 100.0, "percent_covered_display": "100", "missing_lines": 0, "excluded_lines": 0}, "missing_lines": [], "excluded_lines": [], "functions": {"": {"executed_lines": [1, 15, 16, 18, 19, 20, 21, 23], "summary": {"covered_lines": 7, "num_statements": 7, "percent_covered": 100.0, "percent_covered_display": "100", "missing_lines": 0, "excluded_lines": 0}, "missing_lines": [], "excluded_lines": []}}, "classes": {"": {"executed_lines": [1, 15, 16, 18, 19, 20, 21, 23], "summary": {"covered_lines": 7, "num_statements": 7, "percent_covered": 100.0, "percent_covered_display": "100", "missing_lines": 0, "excluded_lines": 0}, "missing_lines": [], "excluded_lines": []}}}, "fazztv/api/__init__.py": {"executed_lines": [1, 3, 4, 6], "summary": {"covered_lines": 3, "num_statements": 3, "percent_covered": 100.0, "percent_covered_display": "100", "missing_lines": 0, "excluded_lines": 0}, "missing_lines": [], "excluded_lines": [], "functions": {"": {"executed_lines": [1, 3, 4, 6], "summary": {"covered_lines": 3, "num_statements": 3, "percent_covered": 100.0, "percent_covered_display": "100", "missing_lines": 0, "excluded_lines": 0}, "missing_lines": [], "excluded_lines": []}}, "classes": {"": {"executed_lines": [1, 3, 4, 6], "summary": {"covered_lines": 3, "num_statements": 3, "percent_covered": 100.0, "percent_covered_display": "100", "missing_lines": 0, "excluded_lines": 0}, "missing_lines": [], "excluded_lines": []}}}, "fazztv/api/openrouter.py": {"executed_lines": [1, 3, 4, 5, 7, 10, 11, 13, 20, 21, 22, 23, 25, 26, 28, 46, 121, 146, 168, 187], "summary": {"covered_lines": 18, "num_statements": 67, "percent_covered": 26.865671641791046, "percent_covered_display": "27", "missing_lines": 49, "excluded_lines": 0}, "missing_lines": [38, 43, 44, 65, 66, 67, 69, 76, 88, 89, 95, 97, 99, 100, 101, 102, 103, 105, 106, 108, 109, 111, 112, 113, 114, 115, 116, 117, 118, 119, 138, 144, 161, 166, 183, 185, 200, 207, 209, 210, 211, 213, 214, 215, 216, 217, 218, 219, 221], "excluded_lines": [], "functions": {"OpenRouterClient.__init__": {"executed_lines": [20, 21, 22, 23, 25, 26], "summary": {"covered_lines": 6, "num_statements": 6, "percent_covered": 100.0, "percent_covered_display": "100", "missing_lines": 0, "excluded_lines": 0}, "missing_lines": [], "excluded_lines": []}, "OpenRouterClient.get_tax_info": {"executed_lines": [], "summary": {"covered_lines": 0, "num_statements": 3, "percent_covered": 0.0, "percent_covered_display": "0", "missing_lines": 3, "excluded_lines": 0}, "missing_lines": [38, 43, 44], "excluded_lines": []}, "OpenRouterClient.query": {"executed_lines": [], "summary": {"covered_lines": 0, "num_statements": 27, "percent_covered": 0.0, "percent_covered_display": "0", "missing_lines": 27, "excluded_lines": 0}, "missing_lines": [65, 66, 67, 69, 76, 88, 89, 95, 97, 99, 100, 101, 102, 103, 105, 106, 108, 109, 111, 112, 113, 114, 115, 116, 117, 118, 119], "excluded_lines": []}, "OpenRouterClient.generate_commentary": {"executed_lines": [], "summary": {"covered_lines": 0, "num_statements": 2, "percent_covered": 0.0, "percent_covered_display": "0", "missing_lines": 2, "excluded_lines": 0}, "missing_lines": [138, 144], "excluded_lines": []}, "OpenRouterClient.summarize_content": {"executed_lines": [], "summary": {"covered_lines": 0, "num_statements": 2, "percent_covered": 0.0, "percent_covered_display": "0", "missing_lines": 2, "excluded_lines": 0}, "missing_lines": [161, 166], "excluded_lines": []}, "OpenRouterClient.translate_text": {"executed_lines": [], "summary": {"covered_lines": 0, "num_statements": 2, "percent_covered": 0.0, "percent_covered_display": "0", "missing_lines": 2, "excluded_lines": 0}, "missing_lines": [183, 185], "excluded_lines": []}, "OpenRouterClient.check_content_safety": {"executed_lines": [], "summary": {"covered_lines": 0, "num_statements": 13, "percent_covered": 0.0, "percent_covered_display": "0", "missing_lines": 13, "excluded_lines": 0}, "missing_lines": [200, 207, 209, 210, 211, 213, 214, 215, 216, 217, 218, 219, 221], "excluded_lines": []}, "": {"executed_lines": [1, 3, 4, 5, 7, 10, 11, 13, 28, 46, 121, 146, 168, 187], "summary": {"covered_lines": 12, "num_statements": 12, "percent_covered": 100.0, "percent_covered_display": "100", "missing_lines": 0, "excluded_lines": 0}, "missing_lines": [], "excluded_lines": []}}, "classes": {"OpenRouterClient": {"executed_lines": [20, 21, 22, 23, 25, 26], "summary": {"covered_lines": 6, "num_statements": 55, "percent_covered": 10.909090909090908, "percent_covered_display": "11", "missing_lines": 49, "excluded_lines": 0}, "missing_lines": [38, 43, 44, 65, 66, 67, 69, 76, 88, 89, 95, 97, 99, 100, 101, 102, 103, 105, 106, 108, 109, 111, 112, 113, 114, 115, 116, 117, 118, 119, 138, 144, 161, 166, 183, 185, 200, 207, 209, 210, 211, 213, 214, 215, 216, 217, 218, 219, 221], "excluded_lines": []}, "": {"executed_lines": [1, 3, 4, 5, 7, 10, 11, 13, 28, 46, 121, 146, 168, 187], "summary": {"covered_lines": 12, "num_statements": 12, "percent_covered": 100.0, "percent_covered_display": "100", "missing_lines": 0, "excluded_lines": 0}, "missing_lines": [], "excluded_lines": []}}}, "fazztv/api/youtube.py": {"executed_lines": [1, 3, 4, 5, 6, 8, 11, 12, 14, 21, 22, 24, 42, 62, 99, 128, 153, 165, 185, 203, 221], "summary": {"covered_lines": 19, "num_statements": 68, "percent_covered": 27.941176470588236, "percent_covered_display": "28", "missing_lines": 49, "excluded_lines": 0}, "missing_lines": [39, 40, 57, 58, 59, 60, 79, 81, 82, 84, 85, 87, 89, 90, 92, 93, 95, 97, 114, 115, 117, 119, 121, 123, 124, 126, 143, 145, 146, 148, 150, 151, 163, 180, 183, 200, 201, 218, 219, 237, 238, 241, 242, 245, 247, 250, 251, 252, 254], "excluded_lines": [], "functions": {"YouTubeSearchClient.__init__": {"executed_lines": [21, 22], "summary": {"covered_lines": 2, "num_statements": 2, "percent_covered": 100.0, "percent_covered_display": "100", "missing_lines": 0, "excluded_lines": 0}, "missing_lines": [], "excluded_lines": []}, "YouTubeSearchClient.search_videos": {"executed_lines": [], "summary": {"covered_lines": 0, "num_statements": 2, "percent_covered": 0.0, "percent_covered_display": "0", "missing_lines": 2, "excluded_lines": 0}, "missing_lines": [39, 40], "excluded_lines": []}, "YouTubeSearchClient.get_random_video": {"executed_lines": [], "summary": {"covered_lines": 0, "num_statements": 4, "percent_covered": 0.0, "percent_covered_display": "0", "missing_lines": 4, "excluded_lines": 0}, "missing_lines": [57, 58, 59, 60], "excluded_lines": []}, "YouTubeSearchClient.search_music_video": {"executed_lines": [], "summary": {"covered_lines": 0, "num_statements": 12, "percent_covered": 0.0, "percent_covered_display": "0", "missing_lines": 12, "excluded_lines": 0}, "missing_lines": [79, 81, 82, 84, 85, 87, 89, 90, 92, 93, 95, 97], "excluded_lines": []}, "YouTubeSearchClient.search_documentary": {"executed_lines": [], "summary": {"covered_lines": 0, "num_statements": 8, "percent_covered": 0.0, "percent_covered_display": "0", "missing_lines": 8, "excluded_lines": 0}, "missing_lines": [114, 115, 117, 119, 121, 123, 124, 126], "excluded_lines": []}, "YouTubeSearchClient.search_by_category": {"executed_lines": [], "summary": {"covered_lines": 0, "num_statements": 6, "percent_covered": 0.0, "percent_covered_display": "0", "missing_lines": 6, "excluded_lines": 0}, "missing_lines": [143, 145, 146, 148, 150, 151], "excluded_lines": []}, "YouTubeSearchClient.get_video_url_by_id": {"executed_lines": [], "summary": {"covered_lines": 0, "num_statements": 1, "percent_covered": 0.0, "percent_covered_display": "0", "missing_lines": 1, "excluded_lines": 0}, "missing_lines": [163], "excluded_lines": []}, "YouTubeSearchClient.search_playlist": {"executed_lines": [], "summary": {"covered_lines": 0, "num_statements": 2, "percent_covered": 0.0, "percent_covered_display": "0", "missing_lines": 2, "excluded_lines": 0}, "missing_lines": [180, 183], "excluded_lines": []}, "YouTubeSearchClient.get_trending_music": {"executed_lines": [], "summary": {"covered_lines": 0, "num_statements": 2, "percent_covered": 0.0, "percent_covered_display": "0", "missing_lines": 2, "excluded_lines": 0}, "missing_lines": [200, 201], "excluded_lines": []}, "YouTubeSearchClient.search_by_year": {"executed_lines": [], "summary": {"covered_lines": 0, "num_statements": 2, "percent_covered": 0.0, "percent_covered_display": "0", "missing_lines": 2, "excluded_lines": 0}, "missing_lines": [218, 219], "excluded_lines": []}, "YouTubeSearchClient.find_similar_videos": {"executed_lines": [], "summary": {"covered_lines": 0, "num_statements": 10, "percent_covered": 0.0, "percent_covered_display": "0", "missing_lines": 10, "excluded_lines": 0}, "missing_lines": [237, 238, 241, 242, 245, 247, 250, 251, 252, 254], "excluded_lines": []}, "": {"executed_lines": [1, 3, 4, 5, 6, 8, 11, 12, 14, 24, 42, 62, 99, 128, 153, 165, 185, 203, 221], "summary": {"covered_lines": 17, "num_statements": 17, "percent_covered": 100.0, "percent_covered_display": "100", "missing_lines": 0, "excluded_lines": 0}, "missing_lines": [], "excluded_lines": []}}, "classes": {"YouTubeSearchClient": {"executed_lines": [21, 22], "summary": {"covered_lines": 2, "num_statements": 51, "percent_covered": 3.9215686274509802, "percent_covered_display": "4", "missing_lines": 49, "excluded_lines": 0}, "missing_lines": [39, 40, 57, 58, 59, 60, 79, 81, 82, 84, 85, 87, 89, 90, 92, 93, 95, 97, 114, 115, 117, 119, 121, 123, 124, 126, 143, 145, 146, 148, 150, 151, 163, 180, 183, 200, 201, 218, 219, 237, 238, 241, 242, 245, 247, 250, 251, 252, 254], "excluded_lines": []}, "": {"executed_lines": [1, 3, 4, 5, 6, 8, 11, 12, 14, 24, 42, 62, 99, 128, 153, 165, 185, 203, 221], "summary": {"covered_lines": 17, "num_statements": 17, "percent_covered": 100.0, "percent_covered_display": "100", "missing_lines": 0, "excluded_lines": 0}, "missing_lines": [], "excluded_lines": []}}}, "fazztv/broadcaster.py": {"executed_lines": [1, 2, 3, 4, 5, 7, 9, 10, 12, 21, 59], "summary": {"covered_lines": 10, "num_statements": 36, "percent_covered": 27.77777777777778, "percent_covered_display": "28", "missing_lines": 26, "excluded_lines": 0}, "missing_lines": [19, 31, 32, 33, 35, 36, 37, 38, 40, 48, 49, 50, 51, 52, 53, 54, 55, 56, 57, 72, 73, 75, 76, 77, 78, 80], "excluded_lines": [], "functions": {"RTMPBroadcaster.__init__": {"executed_lines": [], "summary": {"covered_lines": 0, "num_statements": 1, "percent_covered": 0.0, "percent_covered_display": "0", "missing_lines": 1, "excluded_lines": 0}, "missing_lines": [19], "excluded_lines": []}, "RTMPBroadcaster.broadcast_item": {"executed_lines": [], "summary": {"covered_lines": 0, "num_statements": 18, "percent_covered": 0.0, "percent_covered_display": "0", "missing_lines": 18, "excluded_lines": 0}, "missing_lines": [31, 32, 33, 35, 36, 37, 38, 40, 48, 49, 50, 51, 52, 53, 54, 55, 56, 57], "excluded_lines": []}, "RTMPBroadcaster.broadcast_filtered_collection": {"executed_lines": [], "summary": {"covered_lines": 0, "num_statements": 7, "percent_covered": 0.0, "percent_covered_display": "0", "missing_lines": 7, "excluded_lines": 0}, "missing_lines": [72, 73, 75, 76, 77, 78, 80], "excluded_lines": []}, "": {"executed_lines": [1, 2, 3, 4, 5, 7, 9, 10, 12, 21, 59], "summary": {"covered_lines": 10, "num_statements": 10, "percent_covered": 100.0, "percent_covered_display": "100", "missing_lines": 0, "excluded_lines": 0}, "missing_lines": [], "excluded_lines": []}}, "classes": {"RTMPBroadcaster": {"executed_lines": [], "summary": {"covered_lines": 0, "num_statements": 26, "percent_covered": 0.0, "percent_covered_display": "0", "missing_lines": 26, "excluded_lines": 0}, "missing_lines": [19, 31, 32, 33, 35, 36, 37, 38, 40, 48, 49, 50, 51, 52, 53, 54, 55, 56, 57, 72, 73, 75, 76, 77, 78, 80], "excluded_lines": []}, "": {"executed_lines": [1, 2, 3, 4, 5, 7, 9, 10, 12, 21, 59], "summary": {"covered_lines": 10, "num_statements": 10, "percent_covered": 100.0, "percent_covered_display": "100", "missing_lines": 0, "excluded_lines": 0}, "missing_lines": [], "excluded_lines": []}}}, "fazztv/broadcasting/__init__.py": {"executed_lines": [1, 3, 4, 6], "summary": {"covered_lines": 3, "num_statements": 3, "percent_covered": 100.0, "percent_covered_display": "100", "missing_lines": 0, "excluded_lines": 0}, "missing_lines": [], "excluded_lines": [], "functions": {"": {"executed_lines": [1, 3, 4, 6], "summary": {"covered_lines": 3, "num_statements": 3, "percent_covered": 100.0, "percent_covered_display": "100", "missing_lines": 0, "excluded_lines": 0}, "missing_lines": [], "excluded_lines": []}}, "classes": {"": {"executed_lines": [1, 3, 4, 6], "summary": {"covered_lines": 3, "num_statements": 3, "percent_covered": 100.0, "percent_covered_display": "100", "missing_lines": 0, "excluded_lines": 0}, "missing_lines": [], "excluded_lines": []}}}, "fazztv/broadcasting/rtmp.py": {"executed_lines": [1, 3, 4, 5, 6, 8, 9, 12, 13, 15, 22, 23, 24, 25, 26, 28, 41, 43, 44, 45, 46, 47, 49, 50, 56, 64, 66, 67, 73, 74, 75, 76, 77, 79, 80, 81, 83, 84, 85, 86, 87, 88, 89, 90, 91, 92, 94, 113, 115, 117, 118, 120, 121, 122, 124, 125, 126, 127, 129, 130, 131, 133, 134, 136, 139, 143, 148, 150, 165, 167, 172, 174, 182, 193, 194, 195, 197, 198, 199, 201, 202, 204, 205, 206, 207, 208, 209, 211, 218, 219, 220, 224, 232, 234, 235, 236, 237], "summary": {"covered_lines": 95, "num_statements": 102, "percent_covered": 93.13725490196079, "percent_covered_display": "93", "missing_lines": 7, "excluded_lines": 0}, "missing_lines": [51, 52, 53, 54, 137, 140, 141], "excluded_lines": [], "functions": {"RTMPBroadcaster.__init__": {"executed_lines": [22, 23, 24, 25, 26], "summary": {"covered_lines": 5, "num_statements": 5, "percent_covered": 100.0, "percent_covered_display": "100", "missing_lines": 0, "excluded_lines": 0}, "missing_lines": [], "excluded_lines": []}, "RTMPBroadcaster.broadcast_item": {"executed_lines": [41, 43, 44, 45, 46, 47, 49, 50, 56, 64, 66, 67, 73, 74, 75, 76, 77, 79, 80, 81, 83, 84, 85, 86, 87, 88, 89, 90, 91, 92], "summary": {"covered_lines": 30, "num_statements": 34, "percent_covered": 88.23529411764706, "percent_covered_display": "88", "missing_lines": 4, "excluded_lines": 0}, "missing_lines": [51, 52, 53, 54], "excluded_lines": []}, "RTMPBroadcaster.broadcast_collection": {"executed_lines": [113, 115, 117, 118, 120, 121, 122, 124, 125, 126, 127, 129, 130, 131, 133, 134, 136, 139, 143, 148], "summary": {"covered_lines": 20, "num_statements": 23, "percent_covered": 86.95652173913044, "percent_covered_display": "87", "missing_lines": 3, "excluded_lines": 0}, "missing_lines": [137, 140, 141], "excluded_lines": []}, "RTMPBroadcaster.broadcast_filtered": {"executed_lines": [165, 167, 172], "summary": {"covered_lines": 3, "num_statements": 3, "percent_covered": 100.0, "percent_covered_display": "100", "missing_lines": 0, "excluded_lines": 0}, "missing_lines": [], "excluded_lines": []}, "RTMPBroadcaster.test_connection": {"executed_lines": [182, 193, 194, 195, 197, 198, 199, 201, 202, 204, 205, 206, 207, 208, 209], "summary": {"covered_lines": 15, "num_statements": 15, "percent_covered": 100.0, "percent_covered_display": "100", "missing_lines": 0, "excluded_lines": 0}, "missing_lines": [], "excluded_lines": []}, "RTMPBroadcaster.get_stats": {"executed_lines": [218, 219, 220, 224], "summary": {"covered_lines": 4, "num_statements": 4, "percent_covered": 100.0, "percent_covered_display": "100", "missing_lines": 0, "excluded_lines": 0}, "missing_lines": [], "excluded_lines": []}, "RTMPBroadcaster.reset_stats": {"executed_lines": [234, 235, 236, 237], "summary": {"covered_lines": 4, "num_statements": 4, "percent_covered": 100.0, "percent_covered_display": "100", "missing_lines": 0, "excluded_lines": 0}, "missing_lines": [], "excluded_lines": []}, "": {"executed_lines": [1, 3, 4, 5, 6, 8, 9, 12, 13, 15, 28, 94, 150, 174, 211, 232], "summary": {"covered_lines": 14, "num_statements": 14, "percent_covered": 100.0, "percent_covered_display": "100", "missing_lines": 0, "excluded_lines": 0}, "missing_lines": [], "excluded_lines": []}}, "classes": {"RTMPBroadcaster": {"executed_lines": [22, 23, 24, 25, 26, 41, 43, 44, 45, 46, 47, 49, 50, 56, 64, 66, 67, 73, 74, 75, 76, 77, 79, 80, 81, 83, 84, 85, 86, 87, 88, 89, 90, 91, 92, 113, 115, 117, 118, 120, 121, 122, 124, 125, 126, 127, 129, 130, 131, 133, 134, 136, 139, 143, 148, 165, 167, 172, 182, 193, 194, 195, 197, 198, 199, 201, 202, 204, 205, 206, 207, 208, 209, 218, 219, 220, 224, 234, 235, 236, 237], "summary": {"covered_lines": 81, "num_statements": 88, "percent_covered": 92.04545454545455, "percent_covered_display": "92", "missing_lines": 7, "excluded_lines": 0}, "missing_lines": [51, 52, 53, 54, 137, 140, 141], "excluded_lines": []}, "": {"executed_lines": [1, 3, 4, 5, 6, 8, 9, 12, 13, 15, 28, 94, 150, 174, 211, 232], "summary": {"covered_lines": 14, "num_statements": 14, "percent_covered": 100.0, "percent_covered_display": "100", "missing_lines": 0, "excluded_lines": 0}, "missing_lines": [], "excluded_lines": []}}}, "fazztv/broadcasting/serializer.py": {"executed_lines": [1, 3, 4, 5, 6, 7, 9, 10, 11, 12, 13, 16, 17, 19, 33, 34, 35, 36, 39, 40, 42, 59, 61, 62, 64, 67, 68, 70, 71, 72, 74, 75, 77, 78, 81, 82, 89, 90, 91, 93, 105, 106, 108, 109, 110, 111, 113, 115, 116, 117, 119, 136, 139, 140, 141, 143, 145, 146, 147, 149, 150, 152, 154, 155, 157, 174, 177, 178, 180, 181, 182, 185, 187, 188, 191, 193, 199, 200, 205, 212, 214, 217, 226, 227, 228, 229, 230, 231, 232, 234, 244, 246, 247, 248, 249, 250, 252, 253], "summary": {"covered_lines": 96, "num_statements": 98, "percent_covered": 97.95918367346938, "percent_covered_display": "98", "missing_lines": 2, "excluded_lines": 0}, "missing_lines": [202, 203], "excluded_lines": [], "functions": {"MediaSerializer.__init__": {"executed_lines": [33, 34, 35, 36, 39, 40], "summary": {"covered_lines": 6, "num_statements": 6, "percent_covered": 100.0, "percent_covered_display": "100", "missing_lines": 0, "excluded_lines": 0}, "missing_lines": [], "excluded_lines": []}, "MediaSerializer.serialize_media_item": {"executed_lines": [59, 61, 62, 64, 67, 68, 70, 71, 72, 74, 75, 77, 78, 81, 82, 89, 90, 91, 93, 105, 106, 108, 109, 110, 111, 113, 115, 116, 117], "summary": {"covered_lines": 29, "num_statements": 29, "percent_covered": 100.0, "percent_covered_display": "100", "missing_lines": 0, "excluded_lines": 0}, "missing_lines": [], "excluded_lines": []}, "MediaSerializer.serialize_collection": {"executed_lines": [136, 139, 140, 141, 143, 145, 146, 147, 149, 150, 152, 154, 155], "summary": {"covered_lines": 13, "num_statements": 13, "percent_covered": 100.0, "percent_covered_display": "100", "missing_lines": 0, "excluded_lines": 0}, "missing_lines": [], "excluded_lines": []}, "MediaSerializer._trim_media": {"executed_lines": [174, 177, 178, 180, 181, 182, 185, 187, 188, 191, 193, 199, 200], "summary": {"covered_lines": 13, "num_statements": 15, "percent_covered": 86.66666666666667, "percent_covered_display": "87", "missing_lines": 2, "excluded_lines": 0}, "missing_lines": [202, 203], "excluded_lines": []}, "MediaSerializer._create_default_video": {"executed_lines": [212, 214, 217, 226, 227, 228, 229, 230, 231, 232], "summary": {"covered_lines": 10, "num_statements": 10, "percent_covered": 100.0, "percent_covered_display": "100", "missing_lines": 0, "excluded_lines": 0}, "missing_lines": [], "excluded_lines": []}, "MediaSerializer.cleanup_serialized": {"executed_lines": [244, 246, 247, 248, 249, 250, 252, 253], "summary": {"covered_lines": 8, "num_statements": 8, "percent_covered": 100.0, "percent_covered_display": "100", "missing_lines": 0, "excluded_lines": 0}, "missing_lines": [], "excluded_lines": []}, "": {"executed_lines": [1, 3, 4, 5, 6, 7, 9, 10, 11, 12, 13, 16, 17, 19, 42, 119, 157, 205, 234], "summary": {"covered_lines": 17, "num_statements": 17, "percent_covered": 100.0, "percent_covered_display": "100", "missing_lines": 0, "excluded_lines": 0}, "missing_lines": [], "excluded_lines": []}}, "classes": {"MediaSerializer": {"executed_lines": [33, 34, 35, 36, 39, 40, 59, 61, 62, 64, 67, 68, 70, 71, 72, 74, 75, 77, 78, 81, 82, 89, 90, 91, 93, 105, 106, 108, 109, 110, 111, 113, 115, 116, 117, 136, 139, 140, 141, 143, 145, 146, 147, 149, 150, 152, 154, 155, 174, 177, 178, 180, 181, 182, 185, 187, 188, 191, 193, 199, 200, 212, 214, 217, 226, 227, 228, 229, 230, 231, 232, 244, 246, 247, 248, 249, 250, 252, 253], "summary": {"covered_lines": 79, "num_statements": 81, "percent_covered": 97.53086419753086, "percent_covered_display": "98", "missing_lines": 2, "excluded_lines": 0}, "missing_lines": [202, 203], "excluded_lines": []}, "": {"executed_lines": [1, 3, 4, 5, 6, 7, 9, 10, 11, 12, 13, 16, 17, 19, 42, 119, 157, 205, 234], "summary": {"covered_lines": 17, "num_statements": 17, "percent_covered": 100.0, "percent_covered_display": "100", "missing_lines": 0, "excluded_lines": 0}, "missing_lines": [], "excluded_lines": []}}}, "fazztv/config/__init__.py": {"executed_lines": [1, 3, 4, 6, 8, 10, 13, 14, 15], "summary": {"covered_lines": 8, "num_statements": 8, "percent_covered": 100.0, "percent_covered_display": "100", "missing_lines": 0, "excluded_lines": 0}, "missing_lines": [], "excluded_lines": [], "functions": {"get_settings": {"executed_lines": [13, 14, 15], "summary": {"covered_lines": 3, "num_statements": 3, "percent_covered": 100.0, "percent_covered_display": "100", "missing_lines": 0, "excluded_lines": 0}, "missing_lines": [], "excluded_lines": []}, "": {"executed_lines": [1, 3, 4, 6, 8, 10], "summary": {"covered_lines": 5, "num_statements": 5, "percent_covered": 100.0, "percent_covered_display": "100", "missing_lines": 0, "excluded_lines": 0}, "missing_lines": [], "excluded_lines": []}}, "classes": {"": {"executed_lines": [1, 3, 4, 6, 8, 10, 13, 14, 15], "summary": {"covered_lines": 8, "num_statements": 8, "percent_covered": 100.0, "percent_covered_display": "100", "missing_lines": 0, "excluded_lines": 0}, "missing_lines": [], "excluded_lines": []}}}, "fazztv/config/constants.py": {"executed_lines": [1, 4, 5, 6, 7, 8, 9, 10, 13, 14, 17, 18, 19, 20, 21, 24, 25, 28, 29, 30, 33, 34, 37, 38, 41, 42, 43, 44, 45, 48, 49, 50, 51, 54, 55, 56, 59, 60, 63, 64], "summary": {"covered_lines": 39, "num_statements": 39, "percent_covered": 100.0, "percent_covered_display": "100", "missing_lines": 0, "excluded_lines": 0}, "missing_lines": [], "excluded_lines": [], "functions": {"": {"executed_lines": [1, 4, 5, 6, 7, 8, 9, 10, 13, 14, 17, 18, 19, 20, 21, 24, 25, 28, 29, 30, 33, 34, 37, 38, 41, 42, 43, 44, 45, 48, 49, 50, 51, 54, 55, 56, 59, 60, 63, 64], "summary": {"covered_lines": 39, "num_statements": 39, "percent_covered": 100.0, "percent_covered_display": "100", "missing_lines": 0, "excluded_lines": 0}, "missing_lines": [], "excluded_lines": []}}, "classes": {"": {"executed_lines": [1, 4, 5, 6, 7, 8, 9, 10, 13, 14, 17, 18, 19, 20, 21, 24, 25, 28, 29, 30, 33, 34, 37, 38, 41, 42, 43, 44, 45, 48, 49, 50, 51, 54, 55, 56, 59, 60, 63, 64], "summary": {"covered_lines": 39, "num_statements": 39, "percent_covered": 100.0, "percent_covered_display": "100", "missing_lines": 0, "excluded_lines": 0}, "missing_lines": [], "excluded_lines": []}}}, "fazztv/config/settings.py": {"executed_lines": [1, 3, 4, 5, 6, 8, 11, 12, 14, 21, 22, 24, 27, 28, 29, 32, 33, 34, 37, 38, 39, 42, 43, 46, 47, 50, 53, 54, 55, 58, 59, 60, 63, 65, 67, 68, 69, 71, 73, 74, 76, 78, 80, 82, 84, 86, 88, 95, 101, 103, 105], "summary": {"covered_lines": 49, "num_statements": 50, "percent_covered": 98.0, "percent_covered_display": "98", "missing_lines": 1, "excluded_lines": 0}, "missing_lines": [96], "excluded_lines": [], "functions": {"Settings.__init__": {"executed_lines": [21, 22, 24, 27, 28, 29, 32, 33, 34, 37, 38, 39, 42, 43, 46, 47, 50, 53, 54, 55, 58, 59, 60, 63], "summary": {"covered_lines": 24, "num_statements": 24, "percent_covered": 100.0, "percent_covered_display": "100", "missing_lines": 0, "excluded_lines": 0}, "missing_lines": [], "excluded_lines": []}, "Settings._build_rtmp_url": {"executed_lines": [67, 68, 69], "summary": {"covered_lines": 3, "num_statements": 3, "percent_covered": 100.0, "percent_covered_display": "100", "missing_lines": 0, "excluded_lines": 0}, "missing_lines": [], "excluded_lines": []}, "Settings._ensure_directories": {"executed_lines": [73, 74], "summary": {"covered_lines": 2, "num_statements": 2, "percent_covered": 100.0, "percent_covered_display": "100", "missing_lines": 0, "excluded_lines": 0}, "missing_lines": [], "excluded_lines": []}, "Settings.get_cache_path": {"executed_lines": [78], "summary": {"covered_lines": 1, "num_statements": 1, "percent_covered": 100.0, "percent_covered_display": "100", "missing_lines": 0, "excluded_lines": 0}, "missing_lines": [], "excluded_lines": []}, "Settings.get_data_file": {"executed_lines": [82], "summary": {"covered_lines": 1, "num_statements": 1, "percent_covered": 100.0, "percent_covered_display": "100", "missing_lines": 0, "excluded_lines": 0}, "missing_lines": [], "excluded_lines": []}, "Settings.is_production": {"executed_lines": [86], "summary": {"covered_lines": 1, "num_statements": 1, "percent_covered": 100.0, "percent_covered_display": "100", "missing_lines": 0, "excluded_lines": 0}, "missing_lines": [], "excluded_lines": []}, "Settings.validate": {"executed_lines": [95, 101], "summary": {"covered_lines": 2, "num_statements": 3, "percent_covered": 66.66666666666667, "percent_covered_display": "67", "missing_lines": 1, "excluded_lines": 0}, "missing_lines": [96], "excluded_lines": []}, "Settings.to_dict": {"executed_lines": [105], "summary": {"covered_lines": 1, "num_statements": 1, "percent_covered": 100.0, "percent_covered_display": "100", "missing_lines": 0, "excluded_lines": 0}, "missing_lines": [], "excluded_lines": []}, "": {"executed_lines": [1, 3, 4, 5, 6, 8, 11, 12, 14, 65, 71, 76, 80, 84, 88, 103], "summary": {"covered_lines": 14, "num_statements": 14, "percent_covered": 100.0, "percent_covered_display": "100", "missing_lines": 0, "excluded_lines": 0}, "missing_lines": [], "excluded_lines": []}}, "classes": {"Settings": {"executed_lines": [21, 22, 24, 27, 28, 29, 32, 33, 34, 37, 38, 39, 42, 43, 46, 47, 50, 53, 54, 55, 58, 59, 60, 63, 67, 68, 69, 73, 74, 78, 82, 86, 95, 101, 105], "summary": {"covered_lines": 35, "num_statements": 36, "percent_covered": 97.22222222222223, "percent_covered_display": "97", "missing_lines": 1, "excluded_lines": 0}, "missing_lines": [96], "excluded_lines": []}, "": {"executed_lines": [1, 3, 4, 5, 6, 8, 11, 12, 14, 65, 71, 76, 80, 84, 88, 103], "summary": {"covered_lines": 14, "num_statements": 14, "percent_covered": 100.0, "percent_covered_display": "100", "missing_lines": 0, "excluded_lines": 0}, "missing_lines": [], "excluded_lines": []}}}, "fazztv/data/__init__.py": {"executed_lines": [1, 3, 4, 5, 7], "summary": {"covered_lines": 4, "num_statements": 4, "percent_covered": 100.0, "percent_covered_display": "100", "missing_lines": 0, "excluded_lines": 0}, "missing_lines": [], "excluded_lines": [], "functions": {"": {"executed_lines": [1, 3, 4, 5, 7], "summary": {"covered_lines": 4, "num_statements": 4, "percent_covered": 100.0, "percent_covered_display": "100", "missing_lines": 0, "excluded_lines": 0}, "missing_lines": [], "excluded_lines": []}}, "classes": {"": {"executed_lines": [1, 3, 4, 5, 7], "summary": {"covered_lines": 4, "num_statements": 4, "percent_covered": 100.0, "percent_covered_display": "100", "missing_lines": 0, "excluded_lines": 0}, "missing_lines": [], "excluded_lines": []}}}, "fazztv/data/artists.py": {"executed_lines": [1, 6, 30, 35, 44, 53], "summary": {"covered_lines": 5, "num_statements": 5, "percent_covered": 100.0, "percent_covered_display": "100", "missing_lines": 0, "excluded_lines": 0}, "missing_lines": [], "excluded_lines": [], "functions": {"": {"executed_lines": [1, 6, 30, 35, 44, 53], "summary": {"covered_lines": 5, "num_statements": 5, "percent_covered": 100.0, "percent_covered_display": "100", "missing_lines": 0, "excluded_lines": 0}, "missing_lines": [], "excluded_lines": []}}, "classes": {"": {"executed_lines": [1, 6, 30, 35, 44, 53], "summary": {"covered_lines": 5, "num_statements": 5, "percent_covered": 100.0, "percent_covered_display": "100", "missing_lines": 0, "excluded_lines": 0}, "missing_lines": [], "excluded_lines": []}}}, "fazztv/data/cache.py": {"executed_lines": [1, 3, 4, 5, 6, 9, 10, 12, 19, 20, 21, 22, 24, 34, 35, 36, 37, 38, 39, 49, 58, 59, 64, 66, 76, 77, 78, 79, 82, 84, 85, 86, 87, 89, 110, 128, 138, 139, 140, 144, 146, 164, 193, 218, 221], "summary": {"covered_lines": 43, "num_statements": 86, "percent_covered": 50.0, "percent_covered_display": "50", "missing_lines": 43, "excluded_lines": 0}, "missing_lines": [42, 43, 45, 46, 47, 80, 96, 97, 102, 103, 105, 106, 108, 117, 118, 120, 143, 158, 159, 160, 161, 162, 174, 175, 176, 178, 181, 182, 183, 186, 187, 188, 190, 191, 203, 208, 209, 211, 212, 214, 224, 225, 226], "excluded_lines": [], "functions": {"DataCache.__init__": {"executed_lines": [19, 20, 21, 22], "summary": {"covered_lines": 4, "num_statements": 4, "percent_covered": 100.0, "percent_covered_display": "100", "missing_lines": 0, "excluded_lines": 0}, "missing_lines": [], "excluded_lines": []}, "DataCache.get": {"executed_lines": [34, 35, 36, 37, 38, 39], "summary": {"covered_lines": 6, "num_statements": 11, "percent_covered": 54.54545454545455, "percent_covered_display": "55", "missing_lines": 5, "excluded_lines": 0}, "missing_lines": [42, 43, 45, 46, 47], "excluded_lines": []}, "DataCache.set": {"executed_lines": [58, 59, 64], "summary": {"covered_lines": 3, "num_statements": 3, "percent_covered": 100.0, "percent_covered_display": "100", "missing_lines": 0, "excluded_lines": 0}, "missing_lines": [], "excluded_lines": []}, "DataCache.delete": {"executed_lines": [76, 77, 78, 79], "summary": {"covered_lines": 4, "num_statements": 5, "percent_covered": 80.0, "percent_covered_display": "80", "missing_lines": 1, "excluded_lines": 0}, "missing_lines": [80], "excluded_lines": []}, "DataCache.clear": {"executed_lines": [84, 85, 86, 87], "summary": {"covered_lines": 4, "num_statements": 4, "percent_covered": 100.0, "percent_covered_display": "100", "missing_lines": 0, "excluded_lines": 0}, "missing_lines": [], "excluded_lines": []}, "DataCache.cleanup_expired": {"executed_lines": [], "summary": {"covered_lines": 0, "num_statements": 7, "percent_covered": 0.0, "percent_covered_display": "0", "missing_lines": 7, "excluded_lines": 0}, "missing_lines": [96, 97, 102, 103, 105, 106, 108], "excluded_lines": []}, "DataCache.get_stats": {"executed_lines": [], "summary": {"covered_lines": 0, "num_statements": 3, "percent_covered": 0.0, "percent_covered_display": "0", "missing_lines": 3, "excluded_lines": 0}, "missing_lines": [117, 118, 120], "excluded_lines": []}, "DataCache.exists": {"executed_lines": [138, 139, 140, 144], "summary": {"covered_lines": 4, "num_statements": 5, "percent_covered": 80.0, "percent_covered_display": "80", "missing_lines": 1, "excluded_lines": 0}, "missing_lines": [143], "excluded_lines": []}, "DataCache.get_or_set": {"executed_lines": [], "summary": {"covered_lines": 0, "num_statements": 5, "percent_covered": 0.0, "percent_covered_display": "0", "missing_lines": 5, "excluded_lines": 0}, "missing_lines": [158, 159, 160, 161, 162], "excluded_lines": []}, "DataCache.cache_decorator": {"executed_lines": [], "summary": {"covered_lines": 0, "num_statements": 3, "percent_covered": 0.0, "percent_covered_display": "0", "missing_lines": 3, "excluded_lines": 0}, "missing_lines": [174, 175, 191], "excluded_lines": []}, "DataCache.cache_decorator.decorator": {"executed_lines": [], "summary": {"covered_lines": 0, "num_statements": 2, "percent_covered": 0.0, "percent_covered_display": "0", "missing_lines": 2, "excluded_lines": 0}, "missing_lines": [176, 190], "excluded_lines": []}, "DataCache.cache_decorator.decorator.wrapper": {"executed_lines": [], "summary": {"covered_lines": 0, "num_statements": 7, "percent_covered": 0.0, "percent_covered_display": "0", "missing_lines": 7, "excluded_lines": 0}, "missing_lines": [178, 181, 182, 183, 186, 187, 188], "excluded_lines": []}, "DataCache.invalidate_pattern": {"executed_lines": [], "summary": {"covered_lines": 0, "num_statements": 6, "percent_covered": 0.0, "percent_covered_display": "0", "missing_lines": 6, "excluded_lines": 0}, "missing_lines": [203, 208, 209, 211, 212, 214], "excluded_lines": []}, "get_cache": {"executed_lines": [], "summary": {"covered_lines": 0, "num_statements": 3, "percent_covered": 0.0, "percent_covered_display": "0", "missing_lines": 3, "excluded_lines": 0}, "missing_lines": [224, 225, 226], "excluded_lines": []}, "": {"executed_lines": [1, 3, 4, 5, 6, 9, 10, 12, 24, 49, 66, 82, 89, 110, 128, 146, 164, 193, 218, 221], "summary": {"covered_lines": 18, "num_statements": 18, "percent_covered": 100.0, "percent_covered_display": "100", "missing_lines": 0, "excluded_lines": 0}, "missing_lines": [], "excluded_lines": []}}, "classes": {"DataCache": {"executed_lines": [19, 20, 21, 22, 34, 35, 36, 37, 38, 39, 58, 59, 64, 76, 77, 78, 79, 84, 85, 86, 87, 138, 139, 140, 144], "summary": {"covered_lines": 25, "num_statements": 65, "percent_covered": 38.46153846153846, "percent_covered_display": "38", "missing_lines": 40, "excluded_lines": 0}, "missing_lines": [42, 43, 45, 46, 47, 80, 96, 97, 102, 103, 105, 106, 108, 117, 118, 120, 143, 158, 159, 160, 161, 162, 174, 175, 176, 178, 181, 182, 183, 186, 187, 188, 190, 191, 203, 208, 209, 211, 212, 214], "excluded_lines": []}, "": {"executed_lines": [1, 3, 4, 5, 6, 9, 10, 12, 24, 49, 66, 82, 89, 110, 128, 146, 164, 193, 218, 221], "summary": {"covered_lines": 18, "num_statements": 21, "percent_covered": 85.71428571428571, "percent_covered_display": "86", "missing_lines": 3, "excluded_lines": 0}, "missing_lines": [224, 225, 226], "excluded_lines": []}}}, "fazztv/data/loader.py": {"executed_lines": [1, 3, 4, 5, 6, 7, 9, 12, 13, 15, 22, 23, 24, 26, 54, 77, 106, 119, 132, 144, 162, 186, 213, 233], "summary": {"covered_lines": 22, "num_statements": 95, "percent_covered": 23.157894736842106, "percent_covered_display": "23", "missing_lines": 73, "excluded_lines": 0}, "missing_lines": [36, 38, 39, 40, 42, 43, 44, 45, 46, 47, 48, 49, 50, 51, 52, 66, 68, 69, 70, 71, 72, 73, 74, 75, 87, 88, 91, 92, 93, 94, 95, 96, 99, 100, 101, 102, 104, 116, 117, 129, 130, 142, 154, 156, 157, 158, 160, 172, 174, 175, 176, 177, 180, 181, 182, 184, 203, 205, 206, 208, 209, 211, 228, 229, 230, 231, 250, 252, 253, 254, 255, 257, 258], "excluded_lines": [], "functions": {"DataLoader.__init__": {"executed_lines": [22, 23, 24], "summary": {"covered_lines": 3, "num_statements": 3, "percent_covered": 100.0, "percent_covered_display": "100", "missing_lines": 0, "excluded_lines": 0}, "missing_lines": [], "excluded_lines": []}, "DataLoader.load_json_file": {"executed_lines": [], "summary": {"covered_lines": 0, "num_statements": 15, "percent_covered": 0.0, "percent_covered_display": "0", "missing_lines": 15, "excluded_lines": 0}, "missing_lines": [36, 38, 39, 40, 42, 43, 44, 45, 46, 47, 48, 49, 50, 51, 52], "excluded_lines": []}, "DataLoader.save_json_file": {"executed_lines": [], "summary": {"covered_lines": 0, "num_statements": 9, "percent_covered": 0.0, "percent_covered_display": "0", "missing_lines": 9, "excluded_lines": 0}, "missing_lines": [66, 68, 69, 70, 71, 72, 73, 74, 75], "excluded_lines": []}, "DataLoader.load_episodes": {"executed_lines": [], "summary": {"covered_lines": 0, "num_statements": 13, "percent_covered": 0.0, "percent_covered_display": "0", "missing_lines": 13, "excluded_lines": 0}, "missing_lines": [87, 88, 91, 92, 93, 94, 95, 96, 99, 100, 101, 102, 104], "excluded_lines": []}, "DataLoader.load_show_data": {"executed_lines": [], "summary": {"covered_lines": 0, "num_statements": 2, "percent_covered": 0.0, "percent_covered_display": "0", "missing_lines": 2, "excluded_lines": 0}, "missing_lines": [116, 117], "excluded_lines": []}, "DataLoader.load_artist_data": {"executed_lines": [], "summary": {"covered_lines": 0, "num_statements": 2, "percent_covered": 0.0, "percent_covered_display": "0", "missing_lines": 2, "excluded_lines": 0}, "missing_lines": [129, 130], "excluded_lines": []}, "DataLoader.load_config": {"executed_lines": [], "summary": {"covered_lines": 0, "num_statements": 1, "percent_covered": 0.0, "percent_covered_display": "0", "missing_lines": 1, "excluded_lines": 0}, "missing_lines": [142], "excluded_lines": []}, "DataLoader.merge_data_files": {"executed_lines": [], "summary": {"covered_lines": 0, "num_statements": 5, "percent_covered": 0.0, "percent_covered_display": "0", "missing_lines": 5, "excluded_lines": 0}, "missing_lines": [154, 156, 157, 158, 160], "excluded_lines": []}, "DataLoader.validate_episode_data": {"executed_lines": [], "summary": {"covered_lines": 0, "num_statements": 9, "percent_covered": 0.0, "percent_covered_display": "0", "missing_lines": 9, "excluded_lines": 0}, "missing_lines": [172, 174, 175, 176, 177, 180, 181, 182, 184], "excluded_lines": []}, "DataLoader.filter_episodes": {"executed_lines": [], "summary": {"covered_lines": 0, "num_statements": 6, "percent_covered": 0.0, "percent_covered_display": "0", "missing_lines": 6, "excluded_lines": 0}, "missing_lines": [203, 205, 206, 208, 209, 211], "excluded_lines": []}, "DataLoader.get_episode_by_guid": {"executed_lines": [], "summary": {"covered_lines": 0, "num_statements": 4, "percent_covered": 0.0, "percent_covered_display": "0", "missing_lines": 4, "excluded_lines": 0}, "missing_lines": [228, 229, 230, 231], "excluded_lines": []}, "DataLoader.update_episode": {"executed_lines": [], "summary": {"covered_lines": 0, "num_statements": 7, "percent_covered": 0.0, "percent_covered_display": "0", "missing_lines": 7, "excluded_lines": 0}, "missing_lines": [250, 252, 253, 254, 255, 257, 258], "excluded_lines": []}, "": {"executed_lines": [1, 3, 4, 5, 6, 7, 9, 12, 13, 15, 26, 54, 77, 106, 119, 132, 144, 162, 186, 213, 233], "summary": {"covered_lines": 19, "num_statements": 19, "percent_covered": 100.0, "percent_covered_display": "100", "missing_lines": 0, "excluded_lines": 0}, "missing_lines": [], "excluded_lines": []}}, "classes": {"DataLoader": {"executed_lines": [22, 23, 24], "summary": {"covered_lines": 3, "num_statements": 76, "percent_covered": 3.9473684210526314, "percent_covered_display": "4", "missing_lines": 73, "excluded_lines": 0}, "missing_lines": [36, 38, 39, 40, 42, 43, 44, 45, 46, 47, 48, 49, 50, 51, 52, 66, 68, 69, 70, 71, 72, 73, 74, 75, 87, 88, 91, 92, 93, 94, 95, 96, 99, 100, 101, 102, 104, 116, 117, 129, 130, 142, 154, 156, 157, 158, 160, 172, 174, 175, 176, 177, 180, 181, 182, 184, 203, 205, 206, 208, 209, 211, 228, 229, 230, 231, 250, 252, 253, 254, 255, 257, 258], "excluded_lines": []}, "": {"executed_lines": [1, 3, 4, 5, 6, 7, 9, 12, 13, 15, 26, 54, 77, 106, 119, 132, 144, 162, 186, 213, 233], "summary": {"covered_lines": 19, "num_statements": 19, "percent_covered": 100.0, "percent_covered_display": "100", "missing_lines": 0, "excluded_lines": 0}, "missing_lines": [], "excluded_lines": []}}}, "fazztv/data/shows.py": {"executed_lines": [1, 5], "summary": {"covered_lines": 1, "num_statements": 1, "percent_covered": 100.0, "percent_covered_display": "100", "missing_lines": 0, "excluded_lines": 0}, "missing_lines": [], "excluded_lines": [], "functions": {"": {"executed_lines": [1, 5], "summary": {"covered_lines": 1, "num_statements": 1, "percent_covered": 100.0, "percent_covered_display": "100", "missing_lines": 0, "excluded_lines": 0}, "missing_lines": [], "excluded_lines": []}}, "classes": {"": {"executed_lines": [1, 5], "summary": {"covered_lines": 1, "num_statements": 1, "percent_covered": 100.0, "percent_covered_display": "100", "missing_lines": 0, "excluded_lines": 0}, "missing_lines": [], "excluded_lines": []}}}, "fazztv/data/storage.py": {"executed_lines": [1, 3, 4, 5, 6, 7, 8, 10, 13, 14, 16, 27, 59, 91, 105, 130, 144, 159, 172, 199, 221, 226], "summary": {"covered_lines": 20, "num_statements": 107, "percent_covered": 18.69158878504673, "percent_covered_display": "19", "missing_lines": 87, "excluded_lines": 0}, "missing_lines": [23, 24, 25, 39, 41, 42, 43, 44, 45, 46, 47, 49, 50, 52, 53, 55, 56, 57, 70, 72, 73, 74, 76, 77, 78, 79, 80, 81, 82, 84, 85, 87, 88, 89, 102, 103, 116, 118, 119, 120, 122, 123, 124, 125, 126, 127, 128, 140, 141, 142, 155, 156, 157, 169, 170, 182, 184, 185, 187, 188, 189, 190, 191, 192, 193, 194, 196, 197, 206, 207, 209, 210, 211, 212, 214, 223, 224, 236, 238, 239, 240, 241, 242, 243, 244, 245, 246], "excluded_lines": [], "functions": {"DataStorage.__init__": {"executed_lines": [], "summary": {"covered_lines": 0, "num_statements": 3, "percent_covered": 0.0, "percent_covered_display": "0", "missing_lines": 3, "excluded_lines": 0}, "missing_lines": [23, 24, 25], "excluded_lines": []}, "DataStorage.store": {"executed_lines": [], "summary": {"covered_lines": 0, "num_statements": 15, "percent_covered": 0.0, "percent_covered_display": "0", "missing_lines": 15, "excluded_lines": 0}, "missing_lines": [39, 41, 42, 43, 44, 45, 46, 47, 49, 50, 52, 53, 55, 56, 57], "excluded_lines": []}, "DataStorage.retrieve": {"executed_lines": [], "summary": {"covered_lines": 0, "num_statements": 16, "percent_covered": 0.0, "percent_covered_display": "0", "missing_lines": 16, "excluded_lines": 0}, "missing_lines": [70, 72, 73, 74, 76, 77, 78, 79, 80, 81, 82, 84, 85, 87, 88, 89], "excluded_lines": []}, "DataStorage.exists": {"executed_lines": [], "summary": {"covered_lines": 0, "num_statements": 2, "percent_covered": 0.0, "percent_covered_display": "0", "missing_lines": 2, "excluded_lines": 0}, "missing_lines": [102, 103], "excluded_lines": []}, "DataStorage.delete": {"executed_lines": [], "summary": {"covered_lines": 0, "num_statements": 11, "percent_covered": 0.0, "percent_covered_display": "0", "missing_lines": 11, "excluded_lines": 0}, "missing_lines": [116, 118, 119, 120, 122, 123, 124, 125, 126, 127, 128], "excluded_lines": []}, "DataStorage.list_keys": {"executed_lines": [], "summary": {"covered_lines": 0, "num_statements": 3, "percent_covered": 0.0, "percent_covered_display": "0", "missing_lines": 3, "excluded_lines": 0}, "missing_lines": [140, 141, 142], "excluded_lines": []}, "DataStorage.store_metadata": {"executed_lines": [], "summary": {"covered_lines": 0, "num_statements": 3, "percent_covered": 0.0, "percent_covered_display": "0", "missing_lines": 3, "excluded_lines": 0}, "missing_lines": [155, 156, 157], "excluded_lines": []}, "DataStorage.retrieve_metadata": {"executed_lines": [], "summary": {"covered_lines": 0, "num_statements": 2, "percent_covered": 0.0, "percent_covered_display": "0", "missing_lines": 2, "excluded_lines": 0}, "missing_lines": [169, 170], "excluded_lines": []}, "DataStorage.clear_old_data": {"executed_lines": [], "summary": {"covered_lines": 0, "num_statements": 13, "percent_covered": 0.0, "percent_covered_display": "0", "missing_lines": 13, "excluded_lines": 0}, "missing_lines": [182, 184, 185, 187, 188, 189, 190, 191, 192, 193, 194, 196, 197], "excluded_lines": []}, "DataStorage.get_storage_info": {"executed_lines": [], "summary": {"covered_lines": 0, "num_statements": 7, "percent_covered": 0.0, "percent_covered_display": "0", "missing_lines": 7, "excluded_lines": 0}, "missing_lines": [206, 207, 209, 210, 211, 212, 214], "excluded_lines": []}, "DataStorage._get_file_path": {"executed_lines": [], "summary": {"covered_lines": 0, "num_statements": 2, "percent_covered": 0.0, "percent_covered_display": "0", "missing_lines": 2, "excluded_lines": 0}, "missing_lines": [223, 224], "excluded_lines": []}, "DataStorage.backup": {"executed_lines": [], "summary": {"covered_lines": 0, "num_statements": 10, "percent_covered": 0.0, "percent_covered_display": "0", "missing_lines": 10, "excluded_lines": 0}, "missing_lines": [236, 238, 239, 240, 241, 242, 243, 244, 245, 246], "excluded_lines": []}, "": {"executed_lines": [1, 3, 4, 5, 6, 7, 8, 10, 13, 14, 16, 27, 59, 91, 105, 130, 144, 159, 172, 199, 221, 226], "summary": {"covered_lines": 20, "num_statements": 20, "percent_covered": 100.0, "percent_covered_display": "100", "missing_lines": 0, "excluded_lines": 0}, "missing_lines": [], "excluded_lines": []}}, "classes": {"DataStorage": {"executed_lines": [], "summary": {"covered_lines": 0, "num_statements": 87, "percent_covered": 0.0, "percent_covered_display": "0", "missing_lines": 87, "excluded_lines": 0}, "missing_lines": [23, 24, 25, 39, 41, 42, 43, 44, 45, 46, 47, 49, 50, 52, 53, 55, 56, 57, 70, 72, 73, 74, 76, 77, 78, 79, 80, 81, 82, 84, 85, 87, 88, 89, 102, 103, 116, 118, 119, 120, 122, 123, 124, 125, 126, 127, 128, 140, 141, 142, 155, 156, 157, 169, 170, 182, 184, 185, 187, 188, 189, 190, 191, 192, 193, 194, 196, 197, 206, 207, 209, 210, 211, 212, 214, 223, 224, 236, 238, 239, 240, 241, 242, 243, 244, 245, 246], "excluded_lines": []}, "": {"executed_lines": [1, 3, 4, 5, 6, 7, 8, 10, 13, 14, 16, 27, 59, 91, 105, 130, 144, 159, 172, 199, 221, 226], "summary": {"covered_lines": 20, "num_statements": 20, "percent_covered": 100.0, "percent_covered_display": "100", "missing_lines": 0, "excluded_lines": 0}, "missing_lines": [], "excluded_lines": []}}}, "fazztv/downloaders/__init__.py": {"executed_lines": [1, 3, 4, 5, 7], "summary": {"covered_lines": 4, "num_statements": 4, "percent_covered": 100.0, "percent_covered_display": "100", "missing_lines": 0, "excluded_lines": 0}, "missing_lines": [], "excluded_lines": [], "functions": {"": {"executed_lines": [1, 3, 4, 5, 7], "summary": {"covered_lines": 4, "num_statements": 4, "percent_covered": 100.0, "percent_covered_display": "100", "missing_lines": 0, "excluded_lines": 0}, "missing_lines": [], "excluded_lines": []}}, "classes": {"": {"executed_lines": [1, 3, 4, 5, 7], "summary": {"covered_lines": 4, "num_statements": 4, "percent_covered": 100.0, "percent_covered_display": "100", "missing_lines": 0, "excluded_lines": 0}, "missing_lines": [], "excluded_lines": []}}}, "fazztv/downloaders/base.py": {"executed_lines": [1, 3, 4, 5, 8, 9, 11, 12, 27, 28, 43, 44, 59, 60], "summary": {"covered_lines": 12, "num_statements": 16, "percent_covered": 75.0, "percent_covered_display": "75", "missing_lines": 4, "excluded_lines": 0}, "missing_lines": [25, 41, 57, 71], "excluded_lines": [], "functions": {"BaseDownloader.download": {"executed_lines": [], "summary": {"covered_lines": 0, "num_statements": 1, "percent_covered": 0.0, "percent_covered_display": "0", "missing_lines": 1, "excluded_lines": 0}, "missing_lines": [25], "excluded_lines": []}, "BaseDownloader.download_audio": {"executed_lines": [], "summary": {"covered_lines": 0, "num_statements": 1, "percent_covered": 0.0, "percent_covered_display": "0", "missing_lines": 1, "excluded_lines": 0}, "missing_lines": [41], "excluded_lines": []}, "BaseDownloader.download_video": {"executed_lines": [], "summary": {"covered_lines": 0, "num_statements": 1, "percent_covered": 0.0, "percent_covered_display": "0", "missing_lines": 1, "excluded_lines": 0}, "missing_lines": [57], "excluded_lines": []}, "BaseDownloader.search": {"executed_lines": [], "summary": {"covered_lines": 0, "num_statements": 1, "percent_covered": 0.0, "percent_covered_display": "0", "missing_lines": 1, "excluded_lines": 0}, "missing_lines": [71], "excluded_lines": []}, "": {"executed_lines": [1, 3, 4, 5, 8, 9, 11, 12, 27, 28, 43, 44, 59, 60], "summary": {"covered_lines": 12, "num_statements": 12, "percent_covered": 100.0, "percent_covered_display": "100", "missing_lines": 0, "excluded_lines": 0}, "missing_lines": [], "excluded_lines": []}}, "classes": {"BaseDownloader": {"executed_lines": [], "summary": {"covered_lines": 0, "num_statements": 4, "percent_covered": 0.0, "percent_covered_display": "0", "missing_lines": 4, "excluded_lines": 0}, "missing_lines": [25, 41, 57, 71], "excluded_lines": []}, "": {"executed_lines": [1, 3, 4, 5, 8, 9, 11, 12, 27, 28, 43, 44, 59, 60], "summary": {"covered_lines": 12, "num_statements": 12, "percent_covered": 100.0, "percent_covered_display": "100", "missing_lines": 0, "excluded_lines": 0}, "missing_lines": [], "excluded_lines": []}}}, "fazztv/downloaders/cache.py": {"executed_lines": [1, 3, 4, 5, 6, 7, 9, 10, 13, 14, 16, 24, 25, 26, 27, 29, 48, 52, 54, 57, 59, 61, 62, 63, 64, 74, 78, 80, 83, 85, 87, 88, 89, 90, 100, 104, 126, 134, 137, 140, 142, 148, 149, 152, 154, 156, 158, 160, 162, 166, 167, 168, 174], "summary": {"covered_lines": 51, "num_statements": 102, "percent_covered": 50.0, "percent_covered_display": "50", "missing_lines": 51, "excluded_lines": 0}, "missing_lines": [32, 33, 35, 36, 37, 38, 41, 43, 44, 46, 55, 67, 69, 70, 72, 81, 93, 95, 96, 98, 102, 112, 113, 115, 116, 117, 118, 119, 120, 121, 122, 124, 128, 129, 130, 131, 132, 144, 145, 146, 163, 170, 172, 176, 177, 179, 180, 181, 182, 183, 184], "excluded_lines": [], "functions": {"CachedDownloader.__init__": {"executed_lines": [24, 25, 26, 27], "summary": {"covered_lines": 4, "num_statements": 4, "percent_covered": 100.0, "percent_covered_display": "100", "missing_lines": 0, "excluded_lines": 0}, "missing_lines": [], "excluded_lines": []}, "CachedDownloader.download": {"executed_lines": [], "summary": {"covered_lines": 0, "num_statements": 10, "percent_covered": 0.0, "percent_covered_display": "0", "missing_lines": 10, "excluded_lines": 0}, "missing_lines": [32, 33, 35, 36, 37, 38, 41, 43, 44, 46], "excluded_lines": []}, "CachedDownloader.download_audio": {"executed_lines": [52, 54, 57, 59, 61, 62, 63, 64], "summary": {"covered_lines": 8, "num_statements": 13, "percent_covered": 61.53846153846154, "percent_covered_display": "62", "missing_lines": 5, "excluded_lines": 0}, "missing_lines": [55, 67, 69, 70, 72], "excluded_lines": []}, "CachedDownloader.download_video": {"executed_lines": [78, 80, 83, 85, 87, 88, 89, 90], "summary": {"covered_lines": 8, "num_statements": 13, "percent_covered": 61.53846153846154, "percent_covered_display": "62", "missing_lines": 5, "excluded_lines": 0}, "missing_lines": [81, 93, 95, 96, 98], "excluded_lines": []}, "CachedDownloader.search": {"executed_lines": [], "summary": {"covered_lines": 0, "num_statements": 1, "percent_covered": 0.0, "percent_covered_display": "0", "missing_lines": 1, "excluded_lines": 0}, "missing_lines": [102], "excluded_lines": []}, "CachedDownloader.clear_cache": {"executed_lines": [], "summary": {"covered_lines": 0, "num_statements": 11, "percent_covered": 0.0, "percent_covered_display": "0", "missing_lines": 11, "excluded_lines": 0}, "missing_lines": [112, 113, 115, 116, 117, 118, 119, 120, 121, 122, 124], "excluded_lines": []}, "CachedDownloader.get_cache_size": {"executed_lines": [], "summary": {"covered_lines": 0, "num_statements": 5, "percent_covered": 0.0, "percent_covered_display": "0", "missing_lines": 5, "excluded_lines": 0}, "missing_lines": [128, 129, 130, 131, 132], "excluded_lines": []}, "CachedDownloader._get_cache_key": {"executed_lines": [137, 140, 142, 148, 149, 152, 154], "summary": {"covered_lines": 7, "num_statements": 10, "percent_covered": 70.0, "percent_covered_display": "70", "missing_lines": 3, "excluded_lines": 0}, "missing_lines": [144, 145, 146], "excluded_lines": []}, "CachedDownloader._get_cached_file": {"executed_lines": [158, 160, 162, 166, 167, 168], "summary": {"covered_lines": 6, "num_statements": 9, "percent_covered": 66.66666666666667, "percent_covered_display": "67", "missing_lines": 3, "excluded_lines": 0}, "missing_lines": [163, 170, 172], "excluded_lines": []}, "CachedDownloader._cache_file": {"executed_lines": [], "summary": {"covered_lines": 0, "num_statements": 8, "percent_covered": 0.0, "percent_covered_display": "0", "missing_lines": 8, "excluded_lines": 0}, "missing_lines": [176, 177, 179, 180, 181, 182, 183, 184], "excluded_lines": []}, "": {"executed_lines": [1, 3, 4, 5, 6, 7, 9, 10, 13, 14, 16, 29, 48, 74, 100, 104, 126, 134, 156, 174], "summary": {"covered_lines": 18, "num_statements": 18, "percent_covered": 100.0, "percent_covered_display": "100", "missing_lines": 0, "excluded_lines": 0}, "missing_lines": [], "excluded_lines": []}}, "classes": {"CachedDownloader": {"executed_lines": [24, 25, 26, 27, 52, 54, 57, 59, 61, 62, 63, 64, 78, 80, 83, 85, 87, 88, 89, 90, 137, 140, 142, 148, 149, 152, 154, 158, 160, 162, 166, 167, 168], "summary": {"covered_lines": 33, "num_statements": 84, "percent_covered": 39.285714285714285, "percent_covered_display": "39", "missing_lines": 51, "excluded_lines": 0}, "missing_lines": [32, 33, 35, 36, 37, 38, 41, 43, 44, 46, 55, 67, 69, 70, 72, 81, 93, 95, 96, 98, 102, 112, 113, 115, 116, 117, 118, 119, 120, 121, 122, 124, 128, 129, 130, 131, 132, 144, 145, 146, 163, 170, 172, 176, 177, 179, 180, 181, 182, 183, 184], "excluded_lines": []}, "": {"executed_lines": [1, 3, 4, 5, 6, 7, 9, 10, 13, 14, 16, 29, 48, 74, 100, 104, 126, 134, 156, 174], "summary": {"covered_lines": 18, "num_statements": 18, "percent_covered": 100.0, "percent_covered_display": "100", "missing_lines": 0, "excluded_lines": 0}, "missing_lines": [], "excluded_lines": []}}}, "fazztv/downloaders/youtube.py": {"executed_lines": [1, 3, 4, 5, 6, 7, 8, 10, 11, 14, 15, 17, 24, 26, 38, 71, 86, 120, 134, 156, 169], "summary": {"covered_lines": 19, "num_statements": 89, "percent_covered": 21.348314606741575, "percent_covered_display": "21", "missing_lines": 70, "excluded_lines": 0}, "missing_lines": [29, 31, 32, 36, 41, 44, 47, 49, 50, 59, 61, 63, 64, 66, 67, 69, 74, 77, 79, 80, 84, 88, 90, 98, 99, 100, 101, 103, 104, 105, 113, 114, 116, 117, 118, 127, 128, 129, 131, 132, 137, 148, 149, 151, 152, 154, 158, 159, 160, 161, 162, 163, 164, 165, 166, 167, 171, 174, 175, 176, 177, 178, 181, 182, 184, 185, 186, 187, 189, 190], "excluded_lines": [], "functions": {"YouTubeDownloader.__init__": {"executed_lines": [24], "summary": {"covered_lines": 1, "num_statements": 1, "percent_covered": 100.0, "percent_covered_display": "100", "missing_lines": 0, "excluded_lines": 0}, "missing_lines": [], "excluded_lines": []}, "YouTubeDownloader.download": {"executed_lines": [], "summary": {"covered_lines": 0, "num_statements": 4, "percent_covered": 0.0, "percent_covered_display": "0", "missing_lines": 4, "excluded_lines": 0}, "missing_lines": [29, 31, 32, 36], "excluded_lines": []}, "YouTubeDownloader.download_audio": {"executed_lines": [], "summary": {"covered_lines": 0, "num_statements": 12, "percent_covered": 0.0, "percent_covered_display": "0", "missing_lines": 12, "excluded_lines": 0}, "missing_lines": [41, 44, 47, 49, 50, 59, 61, 63, 64, 66, 67, 69], "excluded_lines": []}, "YouTubeDownloader.download_video": {"executed_lines": [], "summary": {"covered_lines": 0, "num_statements": 5, "percent_covered": 0.0, "percent_covered_display": "0", "missing_lines": 5, "excluded_lines": 0}, "missing_lines": [74, 77, 79, 80, 84], "excluded_lines": []}, "YouTubeDownloader.search": {"executed_lines": [], "summary": {"covered_lines": 0, "num_statements": 14, "percent_covered": 0.0, "percent_covered_display": "0", "missing_lines": 14, "excluded_lines": 0}, "missing_lines": [88, 90, 98, 99, 100, 101, 103, 104, 105, 113, 114, 116, 117, 118], "excluded_lines": []}, "YouTubeDownloader.get_random_result": {"executed_lines": [], "summary": {"covered_lines": 0, "num_statements": 5, "percent_covered": 0.0, "percent_covered_display": "0", "missing_lines": 5, "excluded_lines": 0}, "missing_lines": [127, 128, 129, 131, 132], "excluded_lines": []}, "YouTubeDownloader._build_options": {"executed_lines": [], "summary": {"covered_lines": 0, "num_statements": 6, "percent_covered": 0.0, "percent_covered_display": "0", "missing_lines": 6, "excluded_lines": 0}, "missing_lines": [137, 148, 149, 151, 152, 154], "excluded_lines": []}, "YouTubeDownloader._execute_download": {"executed_lines": [], "summary": {"covered_lines": 0, "num_statements": 10, "percent_covered": 0.0, "percent_covered_display": "0", "missing_lines": 10, "excluded_lines": 0}, "missing_lines": [158, 159, 160, 161, 162, 163, 164, 165, 166, 167], "excluded_lines": []}, "YouTubeDownloader._find_output_file": {"executed_lines": [], "summary": {"covered_lines": 0, "num_statements": 14, "percent_covered": 0.0, "percent_covered_display": "0", "missing_lines": 14, "excluded_lines": 0}, "missing_lines": [171, 174, 175, 176, 177, 178, 181, 182, 184, 185, 186, 187, 189, 190], "excluded_lines": []}, "": {"executed_lines": [1, 3, 4, 5, 6, 7, 8, 10, 11, 14, 15, 17, 26, 38, 71, 86, 120, 134, 156, 169], "summary": {"covered_lines": 18, "num_statements": 18, "percent_covered": 100.0, "percent_covered_display": "100", "missing_lines": 0, "excluded_lines": 0}, "missing_lines": [], "excluded_lines": []}}, "classes": {"YouTubeDownloader": {"executed_lines": [24], "summary": {"covered_lines": 1, "num_statements": 71, "percent_covered": 1.408450704225352, "percent_covered_display": "1", "missing_lines": 70, "excluded_lines": 0}, "missing_lines": [29, 31, 32, 36, 41, 44, 47, 49, 50, 59, 61, 63, 64, 66, 67, 69, 74, 77, 79, 80, 84, 88, 90, 98, 99, 100, 101, 103, 104, 105, 113, 114, 116, 117, 118, 127, 128, 129, 131, 132, 137, 148, 149, 151, 152, 154, 158, 159, 160, 161, 162, 163, 164, 165, 166, 167, 171, 174, 175, 176, 177, 178, 181, 182, 184, 185, 186, 187, 189, 190], "excluded_lines": []}, "": {"executed_lines": [1, 3, 4, 5, 6, 7, 8, 10, 11, 14, 15, 17, 26, 38, 71, 86, 120, 134, 156, 169], "summary": {"covered_lines": 18, "num_statements": 18, "percent_covered": 100.0, "percent_covered_display": "100", "missing_lines": 0, "excluded_lines": 0}, "missing_lines": [], "excluded_lines": []}}}, "fazztv/exceptions.py": {"executed_lines": [1, 6, 7, 8, 11, 12, 13, 16, 17, 18, 21, 22, 23, 26, 27, 28, 31, 32, 34, 48, 49, 51, 65, 66, 67, 70, 71, 72], "summary": {"covered_lines": 18, "num_statements": 24, "percent_covered": 75.0, "percent_covered_display": "75", "missing_lines": 6, "excluded_lines": 0}, "missing_lines": [43, 44, 45, 60, 61, 62], "excluded_lines": [], "functions": {"APIError.__init__": {"executed_lines": [], "summary": {"covered_lines": 0, "num_statements": 3, "percent_covered": 0.0, "percent_covered_display": "0", "missing_lines": 3, "excluded_lines": 0}, "missing_lines": [43, 44, 45], "excluded_lines": []}, "ValidationError.__init__": {"executed_lines": [], "summary": {"covered_lines": 0, "num_statements": 3, "percent_covered": 0.0, "percent_covered_display": "0", "missing_lines": 3, "excluded_lines": 0}, "missing_lines": [60, 61, 62], "excluded_lines": []}, "": {"executed_lines": [1, 6, 7, 8, 11, 12, 13, 16, 17, 18, 21, 22, 23, 26, 27, 28, 31, 32, 34, 48, 49, 51, 65, 66, 67, 70, 71, 72], "summary": {"covered_lines": 18, "num_statements": 18, "percent_covered": 100.0, "percent_covered_display": "100", "missing_lines": 0, "excluded_lines": 0}, "missing_lines": [], "excluded_lines": []}}, "classes": {"FazzTVException": {"executed_lines": [], "summary": {"covered_lines": 0, "num_statements": 0, "percent_covered": 100.0, "percent_covered_display": "100", "missing_lines": 0, "excluded_lines": 0}, "missing_lines": [], "excluded_lines": []}, "ConfigurationError": {"executed_lines": [], "summary": {"covered_lines": 0, "num_statements": 0, "percent_covered": 100.0, "percent_covered_display": "100", "missing_lines": 0, "excluded_lines": 0}, "missing_lines": [], "excluded_lines": []}, "MediaDownloadError": {"executed_lines": [], "summary": {"covered_lines": 0, "num_statements": 0, "percent_covered": 100.0, "percent_covered_display": "100", "missing_lines": 0, "excluded_lines": 0}, "missing_lines": [], "excluded_lines": []}, "MediaSerializationError": {"executed_lines": [], "summary": {"covered_lines": 0, "num_statements": 0, "percent_covered": 100.0, "percent_covered_display": "100", "missing_lines": 0, "excluded_lines": 0}, "missing_lines": [], "excluded_lines": []}, "BroadcastError": {"executed_lines": [], "summary": {"covered_lines": 0, "num_statements": 0, "percent_covered": 100.0, "percent_covered_display": "100", "missing_lines": 0, "excluded_lines": 0}, "missing_lines": [], "excluded_lines": []}, "APIError": {"executed_lines": [], "summary": {"covered_lines": 0, "num_statements": 3, "percent_covered": 0.0, "percent_covered_display": "0", "missing_lines": 3, "excluded_lines": 0}, "missing_lines": [43, 44, 45], "excluded_lines": []}, "ValidationError": {"executed_lines": [], "summary": {"covered_lines": 0, "num_statements": 3, "percent_covered": 0.0, "percent_covered_display": "0", "missing_lines": 3, "excluded_lines": 0}, "missing_lines": [60, 61, 62], "excluded_lines": []}, "CacheError": {"executed_lines": [], "summary": {"covered_lines": 0, "num_statements": 0, "percent_covered": 100.0, "percent_covered_display": "100", "missing_lines": 0, "excluded_lines": 0}, "missing_lines": [], "excluded_lines": []}, "ProcessingError": {"executed_lines": [], "summary": {"covered_lines": 0, "num_statements": 0, "percent_covered": 100.0, "percent_covered_display": "100", "missing_lines": 0, "excluded_lines": 0}, "missing_lines": [], "excluded_lines": []}, "": {"executed_lines": [1, 6, 7, 8, 11, 12, 13, 16, 17, 18, 21, 22, 23, 26, 27, 28, 31, 32, 34, 48, 49, 51, 65, 66, 67, 70, 71, 72], "summary": {"covered_lines": 18, "num_statements": 18, "percent_covered": 100.0, "percent_covered_display": "100", "missing_lines": 0, "excluded_lines": 0}, "missing_lines": [], "excluded_lines": []}}}, "fazztv/factories.py": {"executed_lines": [1, 5, 6, 7, 9, 10, 11, 12, 13, 14, 15, 18, 19, 21, 22, 56, 57, 93, 94, 96, 106, 111, 126, 135, 158, 171, 197, 198, 200, 201, 237, 238], "summary": {"covered_lines": 28, "num_statements": 80, "percent_covered": 35.0, "percent_covered_display": "35", "missing_lines": 52, "excluded_lines": 0}, "missing_lines": [35, 37, 38, 39, 44, 77, 103, 104, 108, 109, 121, 122, 124, 133, 145, 146, 147, 148, 150, 168, 169, 181, 182, 189, 190, 192, 193, 194, 211, 214, 217, 218, 219, 221, 222, 224, 225, 226, 228, 229, 231, 232, 233, 235, 245, 247, 248, 249, 250, 251, 252, 254], "excluded_lines": [], "functions": {"MediaItemFactory.create_from_dict": {"executed_lines": [], "summary": {"covered_lines": 0, "num_statements": 5, "percent_covered": 0.0, "percent_covered_display": "0", "missing_lines": 5, "excluded_lines": 0}, "missing_lines": [35, 37, 38, 39, 44], "excluded_lines": []}, "MediaItemFactory.create_from_search_result": {"executed_lines": [], "summary": {"covered_lines": 0, "num_statements": 1, "percent_covered": 0.0, "percent_covered_display": "0", "missing_lines": 1, "excluded_lines": 0}, "missing_lines": [77], "excluded_lines": []}, "ServiceFactory.__init__": {"executed_lines": [], "summary": {"covered_lines": 0, "num_statements": 2, "percent_covered": 0.0, "percent_covered_display": "0", "missing_lines": 2, "excluded_lines": 0}, "missing_lines": [103, 104], "excluded_lines": []}, "ServiceFactory._validate_settings": {"executed_lines": [], "summary": {"covered_lines": 0, "num_statements": 2, "percent_covered": 0.0, "percent_covered_display": "0", "missing_lines": 2, "excluded_lines": 0}, "missing_lines": [108, 109], "excluded_lines": []}, "ServiceFactory.create_api_client": {"executed_lines": [], "summary": {"covered_lines": 0, "num_statements": 3, "percent_covered": 0.0, "percent_covered_display": "0", "missing_lines": 3, "excluded_lines": 0}, "missing_lines": [121, 122, 124], "excluded_lines": []}, "ServiceFactory.create_youtube_client": {"executed_lines": [], "summary": {"covered_lines": 0, "num_statements": 1, "percent_covered": 0.0, "percent_covered_display": "0", "missing_lines": 1, "excluded_lines": 0}, "missing_lines": [133], "excluded_lines": []}, "ServiceFactory.create_serializer": {"executed_lines": [], "summary": {"covered_lines": 0, "num_statements": 5, "percent_covered": 0.0, "percent_covered_display": "0", "missing_lines": 5, "excluded_lines": 0}, "missing_lines": [145, 146, 147, 148, 150], "excluded_lines": []}, "ServiceFactory.create_broadcaster": {"executed_lines": [], "summary": {"covered_lines": 0, "num_statements": 2, "percent_covered": 0.0, "percent_covered_display": "0", "missing_lines": 2, "excluded_lines": 0}, "missing_lines": [168, 169], "excluded_lines": []}, "ServiceFactory.create_all_services": {"executed_lines": [], "summary": {"covered_lines": 0, "num_statements": 7, "percent_covered": 0.0, "percent_covered_display": "0", "missing_lines": 7, "excluded_lines": 0}, "missing_lines": [181, 182, 189, 190, 192, 193, 194], "excluded_lines": []}, "ApplicationFactory.create_from_args": {"executed_lines": [], "summary": {"covered_lines": 0, "num_statements": 16, "percent_covered": 0.0, "percent_covered_display": "0", "missing_lines": 16, "excluded_lines": 0}, "missing_lines": [211, 214, 217, 218, 219, 221, 222, 224, 225, 226, 228, 229, 231, 232, 233, 235], "excluded_lines": []}, "ApplicationFactory.create_for_testing": {"executed_lines": [], "summary": {"covered_lines": 0, "num_statements": 8, "percent_covered": 0.0, "percent_covered_display": "0", "missing_lines": 8, "excluded_lines": 0}, "missing_lines": [245, 247, 248, 249, 250, 251, 252, 254], "excluded_lines": []}, "": {"executed_lines": [1, 5, 6, 7, 9, 10, 11, 12, 13, 14, 15, 18, 19, 21, 22, 56, 57, 93, 94, 96, 106, 111, 126, 135, 158, 171, 197, 198, 200, 201, 237, 238], "summary": {"covered_lines": 28, "num_statements": 28, "percent_covered": 100.0, "percent_covered_display": "100", "missing_lines": 0, "excluded_lines": 0}, "missing_lines": [], "excluded_lines": []}}, "classes": {"MediaItemFactory": {"executed_lines": [], "summary": {"covered_lines": 0, "num_statements": 6, "percent_covered": 0.0, "percent_covered_display": "0", "missing_lines": 6, "excluded_lines": 0}, "missing_lines": [35, 37, 38, 39, 44, 77], "excluded_lines": []}, "ServiceFactory": {"executed_lines": [], "summary": {"covered_lines": 0, "num_statements": 22, "percent_covered": 0.0, "percent_covered_display": "0", "missing_lines": 22, "excluded_lines": 0}, "missing_lines": [103, 104, 108, 109, 121, 122, 124, 133, 145, 146, 147, 148, 150, 168, 169, 181, 182, 189, 190, 192, 193, 194], "excluded_lines": []}, "ApplicationFactory": {"executed_lines": [], "summary": {"covered_lines": 0, "num_statements": 24, "percent_covered": 0.0, "percent_covered_display": "0", "missing_lines": 24, "excluded_lines": 0}, "missing_lines": [211, 214, 217, 218, 219, 221, 222, 224, 225, 226, 228, 229, 231, 232, 233, 235, 245, 247, 248, 249, 250, 251, 252, 254], "excluded_lines": []}, "": {"executed_lines": [1, 5, 6, 7, 9, 10, 11, 12, 13, 14, 15, 18, 19, 21, 22, 56, 57, 93, 94, 96, 106, 111, 126, 135, 158, 171, 197, 198, 200, 201, 237, 238], "summary": {"covered_lines": 28, "num_statements": 28, "percent_covered": 100.0, "percent_covered_display": "100", "missing_lines": 0, "excluded_lines": 0}, "missing_lines": [], "excluded_lines": []}}}, "fazztv/madonna.py": {"executed_lines": [1, 2, 3, 4, 5, 6, 7, 8, 9, 10, 11, 12, 13, 14, 15, 16, 17, 18, 21, 26, 27, 28, 30, 31, 32, 33, 34, 36, 39, 42, 43, 44, 46, 52, 77, 105, 205, 213, 249, 262, 386, 490], "summary": {"covered_lines": 42, "num_statements": 287, "percent_covered": 14.634146341463415, "percent_covered_display": "15", "missing_lines": 245, "excluded_lines": 0}, "missing_lines": [54, 55, 56, 59, 60, 61, 62, 63, 66, 67, 68, 69, 71, 72, 73, 74, 75, 79, 80, 81, 82, 91, 92, 93, 94, 95, 96, 97, 98, 99, 100, 101, 102, 103, 108, 109, 110, 111, 112, 113, 115, 116, 119, 120, 121, 124, 125, 126, 128, 143, 144, 145, 146, 147, 148, 151, 152, 154, 155, 156, 157, 158, 159, 161, 163, 164, 165, 166, 167, 170, 171, 172, 173, 175, 178, 179, 180, 182, 183, 184, 185, 186, 187, 188, 191, 192, 193, 194, 196, 198, 199, 201, 202, 203, 206, 207, 208, 209, 210, 211, 216, 217, 218, 219, 220, 221, 223, 224, 225, 234, 235, 236, 239, 240, 241, 242, 244, 245, 246, 247, 252, 253, 254, 255, 256, 258, 259, 264, 265, 267, 268, 271, 272, 273, 274, 275, 278, 279, 280, 281, 282, 283, 284, 287, 288, 290, 294, 296, 298, 299, 301, 303, 304, 305, 306, 308, 310, 318, 320, 321, 325, 346, 347, 348, 350, 351, 353, 354, 367, 369, 377, 378, 380, 381, 382, 383, 384, 388, 389, 390, 391, 393, 394, 397, 400, 402, 405, 406, 408, 409, 410, 414, 416, 418, 419, 421, 422, 423, 424, 425, 426, 428, 429, 432, 433, 434, 435, 436, 437, 438, 439, 440, 442, 443, 444, 445, 446, 447, 451, 452, 453, 454, 455, 456, 457, 459, 461, 462, 463, 464, 465, 466, 467, 470, 472, 473, 474, 476, 479, 480, 481, 482, 486, 487, 491], "excluded_lines": [], "functions": {"load_madonna_data": {"executed_lines": [], "summary": {"covered_lines": 0, "num_statements": 17, "percent_covered": 0.0, "percent_covered_display": "0", "missing_lines": 17, "excluded_lines": 0}, "missing_lines": [54, 55, 56, 59, 60, 61, 62, 63, 66, 67, 68, 69, 71, 72, 73, 74, 75], "excluded_lines": []}, "get_madonna_song_url": {"executed_lines": [], "summary": {"covered_lines": 0, "num_statements": 17, "percent_covered": 0.0, "percent_covered_display": "0", "missing_lines": 17, "excluded_lines": 0}, "missing_lines": [79, 80, 81, 82, 91, 92, 93, 94, 95, 96, 97, 98, 99, 100, 101, 102, 103], "excluded_lines": []}, "download_audio_only": {"executed_lines": [], "summary": {"covered_lines": 0, "num_statements": 60, "percent_covered": 0.0, "percent_covered_display": "0", "missing_lines": 60, "excluded_lines": 0}, "missing_lines": [108, 109, 110, 111, 112, 113, 115, 116, 119, 120, 121, 124, 125, 126, 128, 143, 144, 145, 146, 147, 148, 151, 152, 154, 155, 156, 157, 158, 159, 161, 163, 164, 165, 166, 167, 170, 171, 172, 173, 175, 178, 179, 180, 182, 183, 184, 185, 186, 187, 188, 191, 192, 193, 194, 196, 198, 199, 201, 202, 203], "excluded_lines": []}, "calculate_days_old": {"executed_lines": [], "summary": {"covered_lines": 0, "num_statements": 6, "percent_covered": 0.0, "percent_covered_display": "0", "missing_lines": 6, "excluded_lines": 0}, "missing_lines": [206, 207, 208, 209, 210, 211], "excluded_lines": []}, "download_video_only": {"executed_lines": [], "summary": {"covered_lines": 0, "num_statements": 20, "percent_covered": 0.0, "percent_covered_display": "0", "missing_lines": 20, "excluded_lines": 0}, "missing_lines": [216, 217, 218, 219, 220, 221, 223, 224, 225, 234, 235, 236, 239, 240, 241, 242, 244, 245, 246, 247], "excluded_lines": []}, "cleanup_environment": {"executed_lines": [], "summary": {"covered_lines": 0, "num_statements": 7, "percent_covered": 0.0, "percent_covered_display": "0", "missing_lines": 7, "excluded_lines": 0}, "missing_lines": [252, 253, 254, 255, 256, 258, 259], "excluded_lines": []}, "create_media_item_from_episode": {"executed_lines": [], "summary": {"covered_lines": 0, "num_statements": 50, "percent_covered": 0.0, "percent_covered_display": "0", "missing_lines": 50, "excluded_lines": 0}, "missing_lines": [264, 265, 267, 268, 271, 272, 273, 274, 275, 278, 279, 280, 281, 282, 283, 284, 287, 288, 290, 294, 296, 298, 299, 301, 303, 304, 305, 306, 308, 310, 318, 320, 321, 325, 346, 347, 348, 350, 351, 353, 354, 367, 369, 377, 378, 380, 381, 382, 383, 384], "excluded_lines": []}, "main": {"executed_lines": [], "summary": {"covered_lines": 0, "num_statements": 67, "percent_covered": 0.0, "percent_covered_display": "0", "missing_lines": 67, "excluded_lines": 0}, "missing_lines": [388, 389, 390, 391, 393, 394, 397, 400, 402, 405, 406, 408, 409, 410, 414, 416, 418, 419, 421, 422, 423, 424, 425, 426, 428, 429, 432, 433, 434, 435, 436, 437, 438, 439, 440, 442, 443, 444, 445, 446, 447, 451, 452, 453, 454, 455, 456, 457, 459, 461, 462, 463, 464, 465, 466, 467, 470, 472, 473, 474, 476, 479, 480, 481, 482, 486, 487], "excluded_lines": []}, "": {"executed_lines": [1, 2, 3, 4, 5, 6, 7, 8, 9, 10, 11, 12, 13, 14, 15, 16, 17, 18, 21, 26, 27, 28, 30, 31, 32, 33, 34, 36, 39, 42, 43, 44, 46, 52, 77, 105, 205, 213, 249, 262, 386, 490], "summary": {"covered_lines": 42, "num_statements": 43, "percent_covered": 97.67441860465117, "percent_covered_display": "98", "missing_lines": 1, "excluded_lines": 0}, "missing_lines": [491], "excluded_lines": []}}, "classes": {"": {"executed_lines": [1, 2, 3, 4, 5, 6, 7, 8, 9, 10, 11, 12, 13, 14, 15, 16, 17, 18, 21, 26, 27, 28, 30, 31, 32, 33, 34, 36, 39, 42, 43, 44, 46, 52, 77, 105, 205, 213, 249, 262, 386, 490], "summary": {"covered_lines": 42, "num_statements": 287, "percent_covered": 14.634146341463415, "percent_covered_display": "15", "missing_lines": 245, "excluded_lines": 0}, "missing_lines": [54, 55, 56, 59, 60, 61, 62, 63, 66, 67, 68, 69, 71, 72, 73, 74, 75, 79, 80, 81, 82, 91, 92, 93, 94, 95, 96, 97, 98, 99, 100, 101, 102, 103, 108, 109, 110, 111, 112, 113, 115, 116, 119, 120, 121, 124, 125, 126, 128, 143, 144, 145, 146, 147, 148, 151, 152, 154, 155, 156, 157, 158, 159, 161, 163, 164, 165, 166, 167, 170, 171, 172, 173, 175, 178, 179, 180, 182, 183, 184, 185, 186, 187, 188, 191, 192, 193, 194, 196, 198, 199, 201, 202, 203, 206, 207, 208, 209, 210, 211, 216, 217, 218, 219, 220, 221, 223, 224, 225, 234, 235, 236, 239, 240, 241, 242, 244, 245, 246, 247, 252, 253, 254, 255, 256, 258, 259, 264, 265, 267, 268, 271, 272, 273, 274, 275, 278, 279, 280, 281, 282, 283, 284, 287, 288, 290, 294, 296, 298, 299, 301, 303, 304, 305, 306, 308, 310, 318, 320, 321, 325, 346, 347, 348, 350, 351, 353, 354, 367, 369, 377, 378, 380, 381, 382, 383, 384, 388, 389, 390, 391, 393, 394, 397, 400, 402, 405, 406, 408, 409, 410, 414, 416, 418, 419, 421, 422, 423, 424, 425, 426, 428, 429, 432, 433, 434, 435, 436, 437, 438, 439, 440, 442, 443, 444, 445, 446, 447, 451, 452, 453, 454, 455, 456, 457, 459, 461, 462, 463, 464, 465, 466, 467, 470, 472, 473, 474, 476, 479, 480, 481, 482, 486, 487, 491], "excluded_lines": []}}}, "fazztv/main.py": {"executed_lines": [1, 7, 8, 9, 10, 12, 13, 14, 15, 16, 17, 18, 19, 22, 23, 25, 36, 44, 62, 101, 118, 148, 176, 201, 234, 289, 322], "summary": {"covered_lines": 25, "num_statements": 118, "percent_covered": 21.1864406779661, "percent_covered_display": "21", "missing_lines": 93, "excluded_lines": 0}, "missing_lines": [32, 33, 34, 38, 47, 48, 51, 60, 78, 79, 80, 81, 83, 86, 88, 89, 96, 97, 98, 99, 111, 112, 113, 114, 115, 116, 133, 135, 136, 137, 139, 140, 141, 143, 145, 146, 163, 164, 166, 167, 168, 169, 171, 173, 174, 191, 192, 194, 196, 197, 199, 208, 209, 212, 215, 217, 218, 219, 222, 224, 225, 226, 229, 231, 241, 246, 252, 257, 262, 269, 275, 281, 286, 291, 292, 295, 298, 299, 300, 302, 303, 305, 306, 307, 309, 310, 312, 313, 314, 315, 318, 319, 323], "excluded_lines": [], "functions": {"FazzTVApplication.__init__": {"executed_lines": [], "summary": {"covered_lines": 0, "num_statements": 3, "percent_covered": 0.0, "percent_covered_display": "0", "missing_lines": 3, "excluded_lines": 0}, "missing_lines": [32, 33, 34], "excluded_lines": []}, "FazzTVApplication._setup_logging": {"executed_lines": [], "summary": {"covered_lines": 0, "num_statements": 1, "percent_covered": 0.0, "percent_covered_display": "0", "missing_lines": 1, "excluded_lines": 0}, "missing_lines": [38], "excluded_lines": []}, "FazzTVApplication._initialize_services": {"executed_lines": [], "summary": {"covered_lines": 0, "num_statements": 4, "percent_covered": 0.0, "percent_covered_display": "0", "missing_lines": 4, "excluded_lines": 0}, "missing_lines": [47, 48, 51, 60], "excluded_lines": []}, "FazzTVApplication.create_media_item": {"executed_lines": [], "summary": {"covered_lines": 0, "num_statements": 12, "percent_covered": 0.0, "percent_covered_display": "0", "missing_lines": 12, "excluded_lines": 0}, "missing_lines": [78, 79, 80, 81, 83, 86, 88, 89, 96, 97, 98, 99], "excluded_lines": []}, "FazzTVApplication._get_safe_tax_info": {"executed_lines": [], "summary": {"covered_lines": 0, "num_statements": 6, "percent_covered": 0.0, "percent_covered_display": "0", "missing_lines": 6, "excluded_lines": 0}, "missing_lines": [111, 112, 113, 114, 115, 116], "excluded_lines": []}, "FazzTVApplication.create_media_collection": {"executed_lines": [], "summary": {"covered_lines": 0, "num_statements": 10, "percent_covered": 0.0, "percent_covered_display": "0", "missing_lines": 10, "excluded_lines": 0}, "missing_lines": [133, 135, 136, 137, 139, 140, 141, 143, 145, 146], "excluded_lines": []}, "FazzTVApplication.serialize_collection": {"executed_lines": [], "summary": {"covered_lines": 0, "num_statements": 9, "percent_covered": 0.0, "percent_covered_display": "0", "missing_lines": 9, "excluded_lines": 0}, "missing_lines": [163, 164, 166, 167, 168, 169, 171, 173, 174], "excluded_lines": []}, "FazzTVApplication.broadcast_collection": {"executed_lines": [], "summary": {"covered_lines": 0, "num_statements": 6, "percent_covered": 0.0, "percent_covered_display": "0", "missing_lines": 6, "excluded_lines": 0}, "missing_lines": [191, 192, 194, 196, 197, 199], "excluded_lines": []}, "FazzTVApplication.run": {"executed_lines": [], "summary": {"covered_lines": 0, "num_statements": 13, "percent_covered": 0.0, "percent_covered_display": "0", "missing_lines": 13, "excluded_lines": 0}, "missing_lines": [208, 209, 212, 215, 217, 218, 219, 222, 224, 225, 226, 229, 231], "excluded_lines": []}, "create_parser": {"executed_lines": [], "summary": {"covered_lines": 0, "num_statements": 9, "percent_covered": 0.0, "percent_covered_display": "0", "missing_lines": 9, "excluded_lines": 0}, "missing_lines": [241, 246, 252, 257, 262, 269, 275, 281, 286], "excluded_lines": []}, "main": {"executed_lines": [], "summary": {"covered_lines": 0, "num_statements": 19, "percent_covered": 0.0, "percent_covered_display": "0", "missing_lines": 19, "excluded_lines": 0}, "missing_lines": [291, 292, 295, 298, 299, 300, 302, 303, 305, 306, 307, 309, 310, 312, 313, 314, 315, 318, 319], "excluded_lines": []}, "": {"executed_lines": [1, 7, 8, 9, 10, 12, 13, 14, 15, 16, 17, 18, 19, 22, 23, 25, 36, 44, 62, 101, 118, 148, 176, 201, 234, 289, 322], "summary": {"covered_lines": 25, "num_statements": 26, "percent_covered": 96.15384615384616, "percent_covered_display": "96", "missing_lines": 1, "excluded_lines": 0}, "missing_lines": [323], "excluded_lines": []}}, "classes": {"FazzTVApplication": {"executed_lines": [], "summary": {"covered_lines": 0, "num_statements": 64, "percent_covered": 0.0, "percent_covered_display": "0", "missing_lines": 64, "excluded_lines": 0}, "missing_lines": [32, 33, 34, 38, 47, 48, 51, 60, 78, 79, 80, 81, 83, 86, 88, 89, 96, 97, 98, 99, 111, 112, 113, 114, 115, 116, 133, 135, 136, 137, 139, 140, 141, 143, 145, 146, 163, 164, 166, 167, 168, 169, 171, 173, 174, 191, 192, 194, 196, 197, 199, 208, 209, 212, 215, 217, 218, 219, 222, 224, 225, 226, 229, 231], "excluded_lines": []}, "": {"executed_lines": [1, 7, 8, 9, 10, 12, 13, 14, 15, 16, 17, 18, 19, 22, 23, 25, 36, 44, 62, 101, 118, 148, 176, 201, 234, 289, 322], "summary": {"covered_lines": 25, "num_statements": 54, "percent_covered": 46.2962962962963, "percent_covered_display": "46", "missing_lines": 29, "excluded_lines": 0}, "missing_lines": [241, 246, 252, 257, 262, 269, 275, 281, 286, 291, 292, 295, 298, 299, 300, 302, 303, 305, 306, 307, 309, 310, 312, 313, 314, 315, 318, 319, 323], "excluded_lines": []}}}, "fazztv/models.py": {"executed_lines": [1, 5, 6, 7, 10, 11, 12, 27, 28, 29, 30, 31, 32, 33, 34, 35, 37, 39, 40, 42, 43, 45, 52, 54, 61, 63, 73, 74, 75, 77, 79, 80, 81, 82, 83, 84, 85, 86, 87, 89, 96, 108, 110, 112, 114], "summary": {"covered_lines": 43, "num_statements": 43, "percent_covered": 100.0, "percent_covered_display": "100", "missing_lines": 0, "excluded_lines": 0}, "missing_lines": [], "excluded_lines": [], "functions": {"MediaItem.__post_init__": {"executed_lines": [39, 40, 42, 43], "summary": {"covered_lines": 4, "num_statements": 4, "percent_covered": 100.0, "percent_covered_display": "100", "missing_lines": 0, "excluded_lines": 0}, "missing_lines": [], "excluded_lines": []}, "MediaItem.is_serialized": {"executed_lines": [52], "summary": {"covered_lines": 1, "num_statements": 1, "percent_covered": 100.0, "percent_covered_display": "100", "missing_lines": 0, "excluded_lines": 0}, "missing_lines": [], "excluded_lines": []}, "MediaItem.is_downloaded": {"execu
[...]
ded_lines": []}, "TestMediaItem.test_media_item_creation_and_validation": {"executed_lines": [77, 85, 86, 87, 88, 89, 92, 98, 101, 102, 110, 111, 119, 120], "summary": {"covered_lines": 14, "num_statements": 22, "percent_covered": 63.63636363636363, "percent_covered_display": "64", "missing_lines": 8, "excluded_lines": 0}, "missing_lines": [128, 129, 137, 138, 146, 147, 155, 156], "excluded_lines": []}, "TestMediaSerializer.setUp": {"executed_lines": [170, 173], "summary": {"covered_lines": 2, "num_statements": 2, "percent_covered": 100.0, "percent_covered_display": "100", "missing_lines": 0, "excluded_lines": 0}, "missing_lines": [], "excluded_lines": []}, "TestMediaSerializer.test_serialize_media_item": {"executed_lines": [185, 186, 191, 194], "summary": {"covered_lines": 4, "num_statements": 12, "percent_covered": 33.333333333333336, "percent_covered_display": "33", "missing_lines": 8, "excluded_lines": 0}, "missing_lines": [187, 188, 195, 198, 201, 202, 203, 206], "excluded_lines": []}, "TestMediaSerializer.test_serialize_collection": {"executed_lines": [212, 213, 218, 243, 246], "summary": {"covered_lines": 5, "num_statements": 14, "percent_covered": 35.714285714285715, "percent_covered_display": "36", "missing_lines": 9, "excluded_lines": 0}, "missing_lines": [214, 215, 247, 248, 249, 252, 253, 254, 257], "excluded_lines": []}, "TestRTMPBroadcaster.setUp": {"executed_lines": [266, 267, 270, 273, 276, 308, 309], "summary": {"covered_lines": 7, "num_statements": 7, "percent_covered": 100.0, "percent_covered_display": "100", "missing_lines": 0, "excluded_lines": 0}, "missing_lines": [], "excluded_lines": []}, "TestRTMPBroadcaster.tearDown": {"executed_lines": [314, 317, 318, 319], "summary": {"covered_lines": 4, "num_statements": 4, "percent_covered": 100.0, "percent_covered_display": "100", "missing_lines": 0, "excluded_lines": 0}, "missing_lines": [], "excluded_lines": []}, "TestRTMPBroadcaster.test_broadcast_filtered_collection": {"executed_lines": [324, 327, 330], "summary": {"covered_lines": 3, "num_statements": 6, "percent_covered": 50.0, "percent_covered_display": "50", "missing_lines": 3, "excluded_lines": 0}, "missing_lines": [333, 336, 337], "excluded_lines": []}, "TestRTMPBroadcaster.test_multiple_filters": {"executed_lines": [], "summary": {"covered_lines": 0, "num_statements": 7, "percent_covered": 0.0, "percent_covered_display": "0", "missing_lines": 7, "excluded_lines": 0}, "missing_lines": [346, 349, 352, 355, 358, 359, 362], "excluded_lines": []}, "": {"executed_lines": [1, 2, 3, 4, 5, 6, 7, 8, 9, 11, 12, 13, 15, 16, 18, 26, 39, 57, 66, 71, 72, 74, 165, 166, 168, 181, 208, 260, 261, 263, 311, 321, 343, 365], "summary": {"covered_lines": 30, "num_statements": 31, "percent_covered": 96.7741935483871, "percent_covered_display": "97", "missing_lines": 1, "excluded_lines": 0}, "missing_lines": [366], "excluded_lines": []}}, "classes": {"DummyRTMPServer": {"executed_lines": [19, 20, 21, 22, 23, 24, 28, 29, 30, 31, 32, 34, 35, 36, 37, 41, 42, 43, 59, 60, 61, 62, 63, 64], "summary": {"covered_lines": 24, "num_statements": 34, "percent_covered": 70.58823529411765, "percent_covered_display": "71", "missing_lines": 10, "excluded_lines": 0}, "missing_lines": [44, 47, 48, 49, 50, 52, 53, 54, 55, 68], "excluded_lines": []}, "TestMediaItem": {"executed_lines": [77, 85, 86, 87, 88, 89, 92, 98, 101, 102, 110, 111, 119, 120], "summary": {"covered_lines": 14, "num_statements": 22, "percent_covered": 63.63636363636363, "percent_covered_display": "64", "missing_lines": 8, "excluded_lines": 0}, "missing_lines": [128, 129, 137, 138, 146, 147, 155, 156], "excluded_lines": []}, "TestMediaSerializer": {"executed_lines": [170, 173, 185, 186, 191, 194, 212, 213, 218, 243, 246], "summary": {"covered_lines": 11, "num_statements": 28, "percent_covered": 39.285714285714285, "percent_covered_display": "39", "missing_lines": 17, "excluded_lines": 0}, "missing_lines": [187, 188, 195, 198, 201, 202, 203, 206, 214, 215, 247, 248, 249, 252, 253, 254, 257], "excluded_lines": []}, "TestRTMPBroadcaster": {"executed_lines": [266, 267, 270, 273, 276, 308, 309, 314, 317, 318, 319, 324, 327, 330], "summary": {"covered_lines": 14, "num_statements": 24, "percent_covered": 58.333333333333336, "percent_covered_display": "58", "missing_lines": 10, "excluded_lines": 0}, "missing_lines": [333, 336, 337, 346, 349, 352, 355, 358, 359, 362], "excluded_lines": []}, "": {"executed_lines": [1, 2, 3, 4, 5, 6, 7, 8, 9, 11, 12, 13, 15, 16, 18, 26, 39, 57, 66, 71, 72, 74, 165, 166, 168, 181, 208, 260, 261, 263, 311, 321, 343, 365], "summary": {"covered_lines": 30, "num_statements": 31, "percent_covered": 96.7741935483871, "percent_covered_display": "97", "missing_lines": 1, "excluded_lines": 0}, "missing_lines": [366], "excluded_lines": []}}}, "fazztv/utils/__init__.py": {"executed_lines": [1, 3, 4, 5, 6, 8], "summary": {"covered_lines": 5, "num_statements": 5, "percent_covered": 100.0, "percent_covered_display": "100", "missing_lines": 0, "excluded_lines": 0}, "missing_lines": [], "excluded_lines": [], "functions": {"": {"executed_lines": [1, 3, 4, 5, 6, 8], "summary": {"covered_lines": 5, "num_statements": 5, "percent_covered": 100.0, "percent_covered_display": "100", "missing_lines": 0, "excluded_lines": 0}, "missing_lines": [], "excluded_lines": []}}, "classes": {"": {"executed_lines": [1, 3, 4, 5, 6, 8], "summary": {"covered_lines": 5, "num_statements": 5, "percent_covered": 100.0, "percent_covered_display": "100", "missing_lines": 0, "excluded_lines": 0}, "missing_lines": [], "excluded_lines": []}}}, "fazztv/utils/datetime.py": {"executed_lines": [1, 3, 4, 5, 8, 29, 39, 43, 56, 57, 58, 59, 60, 84, 98, 128, 151, 164], "summary": {"covered_lines": 17, "num_statements": 72, "percent_covered": 23.61111111111111, "percent_covered_display": "24", "missing_lines": 55, "excluded_lines": 0}, "missing_lines": [19, 20, 22, 23, 24, 26, 40, 64, 65, 66, 67, 68, 69, 70, 73, 74, 75, 77, 78, 79, 81, 95, 108, 109, 111, 112, 113, 114, 115, 116, 117, 118, 119, 120, 121, 122, 124, 125, 139, 140, 141, 143, 144, 145, 146, 148, 161, 175, 176, 178, 179, 180, 181, 182, 184], "excluded_lines": [], "functions": {"calculate_days_old": {"executed_lines": [], "summary": {"covered_lines": 0, "num_statements": 6, "percent_covered": 0.0, "percent_covered_display": "0", "missing_lines": 6, "excluded_lines": 0}, "missing_lines": [19, 20, 22, 23, 24, 26], "excluded_lines": []}, "parse_date": {"executed_lines": [39, 43, 56, 57, 58, 59, 60], "summary": {"covered_lines": 7, "num_statements": 22, "percent_covered": 31.818181818181817, "percent_covered_display": "32", "missing_lines": 15, "excluded_lines": 0}, "missing_lines": [40, 64, 65, 66, 67, 68, 69, 70, 73, 74, 75, 77, 78, 79, 81], "excluded_lines": []}, "format_date": {"executed_lines": [], "summary": {"covered_lines": 0, "num_statements": 1, "percent_covered": 0.0, "percent_covered_display": "0", "missing_lines": 1, "excluded_lines": 0}, "missing_lines": [95], "excluded_lines": []}, "get_time_ago": {"executed_lines": [], "summary": {"covered_lines": 0, "num_statements": 16, "percent_covered": 0.0, "percent_covered_display": "0", "missing_lines": 16, "excluded_lines": 0}, "missing_lines": [108, 109, 111, 112, 113, 114, 115, 116, 117, 118, 119, 120, 121, 122, 124, 125], "excluded_lines": []}, "add_business_days": {"executed_lines": [], "summary": {"covered_lines": 0, "num_statements": 8, "percent_covered": 0.0, "percent_covered_display": "0", "missing_lines": 8, "excluded_lines": 0}, "missing_lines": [139, 140, 141, 143, 144, 145, 146, 148], "excluded_lines": []}, "is_weekend": {"executed_lines": [], "summary": {"covered_lines": 0, "num_statements": 1, "percent_covered": 0.0, "percent_covered_display": "0", "missing_lines": 1, "excluded_lines": 0}, "missing_lines": [161], "excluded_lines": []}, "get_date_range": {"executed_lines": [], "summary": {"covered_lines": 0, "num_statements": 8, "percent_covered": 0.0, "percent_covered_display": "0", "missing_lines": 8, "excluded_lines": 0}, "missing_lines": [175, 176, 178, 179, 180, 181, 182, 184], "excluded_lines": []}, "": {"executed_lines": [1, 3, 4, 5, 8, 29, 84, 98, 128, 151, 164], "summary": {"covered_lines": 10, "num_statements": 10, "percent_covered": 100.0, "percent_covered_display": "100", "missing_lines": 0, "excluded_lines": 0}, "missing_lines": [], "excluded_lines": []}}, "classes": {"": {"executed_lines": [1, 3, 4, 5, 8, 29, 39, 43, 56, 57, 58, 59, 60, 84, 98, 128, 151, 164], "summary": {"covered_lines": 17, "num_statements": 72, "percent_covered": 23.61111111111111, "percent_covered_display": "24", "missing_lines": 55, "excluded_lines": 0}, "missing_lines": [19, 20, 22, 23, 24, 26, 40, 64, 65, 66, 67, 68, 69, 70, 73, 74, 75, 77, 78, 79, 81, 95, 108, 109, 111, 112, 113, 114, 115, 116, 117, 118, 119, 120, 121, 122, 124, 125, 139, 140, 141, 143, 144, 145, 146, 148, 161, 175, 176, 178, 179, 180, 181, 182, 184], "excluded_lines": []}}}, "fazztv/utils/file.py": {"executed_lines": [1, 3, 4, 5, 6, 7, 10, 20, 21, 24, 34, 35, 36, 37, 38, 39, 40, 41, 42, 44, 45, 46, 47, 48, 51, 61, 62, 63, 66, 76, 77, 78, 79, 80, 83, 95, 96, 97, 98, 101, 103, 104, 105, 106, 107, 108, 111, 123, 124, 125, 126, 129, 131, 132, 133, 134, 135, 136, 139, 155, 156, 157, 159, 160, 162, 165, 176, 178, 183, 184, 186, 189, 205, 207, 208, 210, 211, 213, 214, 215, 216, 217, 218, 220, 221, 224, 234, 236, 237, 239, 240, 241, 243], "summary": {"covered_lines": 92, "num_statements": 92, "percent_covered": 100.0, "percent_covered_display": "100", "missing_lines": 0, "excluded_lines": 0}, "missing_lines": [], "excluded_lines": [], "functions": {"ensure_directory": {"executed_lines": [20, 21], "summary": {"covered_lines": 2, "num_statements": 2, "percent_covered": 100.0, "percent_covered_display": "100", "missing_lines": 0, "excluded_lines": 0}, "missing_lines": [], "excluded_lines": []}, "safe_delete": {"executed_lines": [34, 35, 36, 37, 38, 39, 40, 41, 42, 44, 45, 46, 47, 48], "summary": {"covered_lines": 14, "num_statements": 14, "percent_covered": 100.0, "percent_covered_display": "100", "missing_lines": 0, "excluded_lines": 0}, "missing_lines": [], "excluded_lines": []}, "get_file_size": {"executed_lines": [61, 62, 63], "summary": {"covered_lines": 3, "num_statements": 3, "percent_covered": 100.0, "percent_covered_display": "100", "missing_lines": 0, "excluded_lines": 0}, "missing_lines": [], "excluded_lines": []}, "format_file_size": {"executed_lines": [76, 77, 78, 79, 80], "summary": {"covered_lines": 5, "num_statements": 5, "percent_covered": 100.0, "percent_covered_display": "100", "missing_lines": 0, "excluded_lines": 0}, "missing_lines": [], "excluded_lines": []}, "copy_file": {"executed_lines": [95, 96, 97, 98, 101, 103, 104, 105, 106, 107, 108], "summary": {"covered_lines": 11, "num_statements": 11, "percent_covered": 100.0, "percent_covered_display": "100", "missing_lines": 0, "excluded_lines": 0}, "missing_lines": [], "excluded_lines": []}, "move_file": {"executed_lines": [123, 124, 125, 126, 129, 131, 132, 133, 134, 135, 136], "summary": {"covered_lines": 11, "num_statements": 11, "percent_covered": 100.0, "percent_covered_display": "100", "missing_lines": 0, "excluded_lines": 0}, "missing_lines": [], "excluded_lines": []}, "find_files": {"executed_lines": [155, 156, 157, 159, 160, 162], "summary": {"covered_lines": 6, "num_statements": 6, "percent_covered": 100.0, "percent_covered_display": "100", "missing_lines": 0, "excluded_lines": 0}, "missing_lines": [], "excluded_lines": []}, "get_temp_path": {"executed_lines": [176, 178, 183, 184, 186], "summary": {"covered_lines": 5, "num_statements": 5, "percent_covered": 100.0, "percent_covered_display": "100", "missing_lines": 0, "excluded_lines": 0}, "missing_lines": [], "excluded_lines": []}, "cleanup_old_files": {"executed_lines": [205, 207, 208, 210, 211, 213, 214, 215, 216, 217, 218, 220, 221], "summary": {"covered_lines": 13, "num_statements": 13, "percent_covered": 100.0, "percent_covered_display": "100", "missing_lines": 0, "excluded_lines": 0}, "missing_lines": [], "excluded_lines": []}, "get_directory_size": {"executed_lines": [234, 236, 237, 239, 240, 241, 243], "summary": {"covered_lines": 7, "num_statements": 7, "percent_covered": 100.0, "percent_covered_display": "100", "missing_lines": 0, "excluded_lines": 0}, "missing_lines": [], "excluded_lines": []}, "": {"executed_lines": [1, 3, 4, 5, 6, 7, 10, 24, 51, 66, 83, 111, 139, 165, 189, 224], "summary": {"covered_lines": 15, "num_statements": 15, "percent_covered": 100.0, "percent_covered_display": "100", "missing_lines": 0, "excluded_lines": 0}, "missing_lines": [], "excluded_lines": []}}, "classes": {"": {"executed_lines": [1, 3, 4, 5, 6, 7, 10, 20, 21, 24, 34, 35, 36, 37, 38, 39, 40, 41, 42, 44, 45, 46, 47, 48, 51, 61, 62, 63, 66, 76, 77, 78, 79, 80, 83, 95, 96, 97, 98, 101, 103, 104, 105, 106, 107, 108, 111, 123, 124, 125, 126, 129, 131, 132, 133, 134, 135, 136, 139, 155, 156, 157, 159, 160, 162, 165, 176, 178, 183, 184, 186, 189, 205, 207, 208, 210, 211, 213, 214, 215, 216, 217, 218, 220, 221, 224, 234, 236, 237, 239, 240, 241, 243], "summary": {"covered_lines": 92, "num_statements": 92, "percent_covered": 100.0, "percent_covered_display": "100", "missing_lines": 0, "excluded_lines": 0}, "missing_lines": [], "excluded_lines": []}}}, "fazztv/utils/logging.py": {"executed_lines": [1, 3, 4, 5, 6, 8, 11, 59, 72, 88, 103, 104, 106, 116, 123, 129], "summary": {"covered_lines": 14, "num_statements": 40, "percent_covered": 35.0, "percent_covered_display": "35", "missing_lines": 26, "excluded_lines": 0}, "missing_lines": [26, 29, 32, 33, 41, 42, 43, 45, 56, 69, 80, 81, 83, 85, 97, 98, 100, 113, 114, 120, 121, 125, 126, 139, 141, 150], "excluded_lines": [], "functions": {"setup_logging": {"executed_lines": [], "summary": {"covered_lines": 0, "num_statements": 9, "percent_covered": 0.0, "percent_covered_display": "0", "missing_lines": 9, "excluded_lines": 0}, "missing_lines": [26, 29, 32, 33, 41, 42, 43, 45, 56], "excluded_lines": []}, "get_logger": {"executed_lines": [], "summary": {"covered_lines": 0, "num_statements": 1, "percent_covered": 0.0, "percent_covered_display": "0", "missing_lines": 1, "excluded_lines": 0}, "missing_lines": [69], "excluded_lines": []}, "log_exception": {"executed_lines": [], "summary": {"covered_lines": 0, "num_statements": 4, "percent_covered": 0.0, "percent_covered_display": "0", "missing_lines": 4, "excluded_lines": 0}, "missing_lines": [80, 81, 83, 85], "excluded_lines": []}, "log_performance": {"executed_lines": [], "summary": {"covered_lines": 0, "num_statements": 3, "percent_covered": 0.0, "percent_covered_display": "0", "missing_lines": 3, "excluded_lines": 0}, "missing_lines": [97, 98, 100], "excluded_lines": []}, "LogContext.__init__": {"executed_lines": [], "summary": {"covered_lines": 0, "num_statements": 2, "percent_covered": 0.0, "percent_covered_display": "0", "missing_lines": 2, "excluded_lines": 0}, "missing_lines": [113, 114], "excluded_lines": []}, "LogContext.__enter__": {"executed_lines": [], "summary": {"covered_lines": 0, "num_statements": 2, "percent_covered": 0.0, "percent_covered_display": "0", "missing_lines": 2, "excluded_lines": 0}, "missing_lines": [120, 121], "excluded_lines": []}, "LogContext.__exit__": {"executed_lines": [], "summary": {"covered_lines": 0, "num_statements": 2, "percent_covered": 0.0, "percent_covered_display": "0", "missing_lines": 2, "excluded_lines": 0}, "missing_lines": [125, 126], "excluded_lines": []}, "create_audit_logger": {"executed_lines": [], "summary": {"covered_lines": 0, "num_statements": 3, "percent_covered": 0.0, "percent_covered_display": "0", "missing_lines": 3, "excluded_lines": 0}, "missing_lines": [139, 141, 150], "excluded_lines": []}, "": {"executed_lines": [1, 3, 4, 5, 6, 8, 11, 59, 72, 88, 103, 104, 106, 116, 123, 129], "summary": {"covered_lines": 14, "num_statements": 14, "percent_covered": 100.0, "percent_covered_display": "100", "missing_lines": 0, "excluded_lines": 0}, "missing_lines": [], "excluded_lines": []}}, "classes": {"LogContext": {"executed_lines": [], "summary": {"covered_lines": 0, "num_statements": 6, "percent_covered": 0.0, "percent_covered_display": "0", "missing_lines": 6, "excluded_lines": 0}, "missing_lines": [113, 114, 120, 121, 125, 126], "excluded_lines": []}, "": {"executed_lines": [1, 3, 4, 5, 6, 8, 11, 59, 72, 88, 103, 104, 106, 116, 123, 129], "summary": {"covered_lines": 14, "num_statements": 34, "percent_covered": 41.1764705882353, "percent_covered_display": "41", "missing_lines": 20, "excluded_lines": 0}, "missing_lines": [26, 29, 32, 33, 41, 42, 43, 45, 56, 69, 80, 81, 83, 85, 97, 98, 100, 139, 141, 150], "excluded_lines": []}}}, "fazztv/utils/text.py": {"executed_lines": [1, 3, 4, 7, 39, 56, 68, 71, 74, 77, 100, 112, 113, 116, 119, 122, 125, 135, 136, 137, 139, 140, 142, 145], "summary": {"covered_lines": 23, "num_statements": 55, "percent_covered": 41.81818181818182, "percent_covered_display": "42", "missing_lines": 32, "excluded_lines": 0}, "missing_lines": [17, 18, 21, 24, 25, 26, 27, 28, 29, 30, 31, 34, 36, 50, 51, 52, 53, 69, 72, 88, 89, 91, 92, 93, 94, 95, 97, 120, 158, 159, 160, 162], "excluded_lines": [], "functions": {"sanitize_for_ffmpeg": {"executed_lines": [], "summary": {"covered_lines": 0, "num_statements": 13, "percent_covered": 0.0, "percent_covered_display": "0", "missing_lines": 13, "excluded_lines": 0}, "missing_lines": [17, 18, 21, 24, 25, 26, 27, 28, 29, 30, 31, 34, 36], "excluded_lines": []}, "extract_title_parts": {"executed_lines": [], "summary": {"covered_lines": 0, "num_statements": 4, "percent_covered": 0.0, "percent_covered_display": "0", "missing_lines": 4, "excluded_lines": 0}, "missing_lines": [50, 51, 52, 53], "excluded_lines": []}, "truncate_text": {"executed_lines": [68, 71, 74], "summary": {"covered_lines": 3, "num_statements": 5, "percent_covered": 60.0, "percent_covered_display": "60", "missing_lines": 2, "excluded_lines": 0}, "missing_lines": [69, 72], "excluded_lines": []}, "extract_song_info": {"executed_lines": [], "summary": {"covered_lines": 0, "num_statements": 8, "percent_covered": 0.0, "percent_covered_display": "0", "missing_lines": 8, "excluded_lines": 0}, "missing_lines": [88, 89, 91, 92, 93, 94, 95, 97], "excluded_lines": []}, "clean_filename": {"executed_lines": [112, 113, 116, 119, 122], "summary": {"covered_lines": 5, "num_statements": 6, "percent_covered": 83.33333333333333, "percent_covered_display": "83", "missing_lines": 1, "excluded_lines": 0}, "missing_lines": [120], "excluded_lines": []}, "format_duration": {"executed_lines": [135, 136, 137, 139, 140, 142], "summary": {"covered_lines": 6, "num_statements": 6, "percent_covered": 100.0, "percent_covered_display": "100", "missing_lines": 0, "excluded_lines": 0}, "missing_lines": [], "excluded_lines": []}, "parse_resolution": {"executed_lines": [], "summary": {"covered_lines": 0, "num_statements": 4, "percent_covered": 0.0, "percent_covered_display": "0", "missing_lines": 4, "excluded_lines": 0}, "missing_lines": [158, 159, 160, 162], "excluded_lines": []}, "": {"executed_lines": [1, 3, 4, 7, 39, 56, 77, 100, 125, 145], "summary": {"covered_lines": 9, "num_statements": 9, "percent_covered": 100.0, "percent_covered_display": "100", "missing_lines": 0, "excluded_lines": 0}, "missing_lines": [], "excluded_lines": []}}, "classes": {"": {"executed_lines": [1, 3, 4, 7, 39, 56, 68, 71, 74, 77, 100, 112, 113, 116, 119, 122, 125, 135, 136, 137, 139, 140, 142, 145], "summary": {"covered_lines": 23, "num_statements": 55, "percent_covered": 41.81818181818182, "percent_covered_display": "42", "missing_lines": 32, "excluded_lines": 0}, "missing_lines": [17, 18, 21, 24, 25, 26, 27, 28, 29, 30, 31, 34, 36, 50, 51, 52, 53, 69, 72, 88, 89, 91, 92, 93, 94, 95, 97, 120, 158, 159, 160, 162], "excluded_lines": []}}}}, "totals": {"covered_lines": 1270, "num_statements": 2565, "percent_covered": 49.512670565302145, "percent_covered_display": "50", "missing_lines": 1295, "excluded_lines": 0}}